Log file open, 04/26/23 22:00:21
LogWindows: Failed to load 'aqProf.dll' (GetLastError=126)
LogWindows: File 'aqProf.dll' does not exist
LogWindows: Failed to load 'VtuneApi.dll' (GetLastError=126)
LogWindows: File 'VtuneApi.dll' does not exist
LogWindows: Failed to load 'VtuneApi32e.dll' (GetLastError=126)
LogWindows: File 'VtuneApi32e.dll' does not exist
LogConsoleResponse: Display: Failed to find resolution value strings in scalability ini. Falling back to default.
LogConsoleResponse: Display: Failed to find resolution value strings in scalability ini. Falling back to default.
LogInit: Display: Running engine for game: CapstoneProject_HJV
LogPlatformFile: Not using cached read wrapper
LogTaskGraph: Started task graph with 5 named threads and 47 total threads with 3 sets of task threads.
LogStats: Stats thread started at 0.666029
LogICUInternationalization: ICU TimeZone Detection - Raw Offset: -5:00, Platform Override: ''
LogInit: Display: Loading text-based GConfig....
LogPluginManager: Mounting plugin MeshPainting
LogPluginManager: Mounting plugin XGEController
LogPluginManager: Mounting plugin Paper2D
LogPluginManager: Mounting plugin LiveLink
LogPluginManager: Mounting plugin AISupport
LogPluginManager: Mounting plugin LightPropagationVolume
LogPluginManager: Mounting plugin EnvironmentQueryEditor
LogPluginManager: Mounting plugin CameraShakePreviewer
LogPluginManager: Mounting plugin GameplayCameras
LogPluginManager: Mounting plugin OodleData
LogPluginManager: Mounting plugin OodleNetwork
LogPluginManager: Mounting plugin AnimationSharing
LogPluginManager: Mounting plugin CLionSourceCodeAccess
LogPluginManager: Mounting plugin GitSourceControl
LogPluginManager: Mounting plugin KDevelopSourceCodeAccess
LogPluginManager: Mounting plugin NullSourceCodeAccess
LogPluginManager: Mounting plugin CodeLiteSourceCodeAccess
LogPluginManager: Mounting plugin PixWinPlugin
LogPluginManager: Mounting plugin PerforceSourceControl
LogPluginManager: Mounting plugin PlasticSourceControl
LogPluginManager: Mounting plugin PluginUtils
LogPluginManager: Mounting plugin PropertyAccessNode
LogPluginManager: Mounting plugin SubversionSourceControl
LogPluginManager: Mounting plugin RiderSourceCodeAccess
LogPluginManager: Mounting plugin TextureFormatOodle
LogPluginManager: Mounting plugin UObjectPlugin
LogPluginManager: Mounting plugin VisualStudioCodeSourceCodeAccess
LogPluginManager: Mounting plugin VisualStudioSourceCodeAccess
LogPluginManager: Mounting plugin AssetManagerEditor
LogPluginManager: Mounting plugin XCodeSourceCodeAccess
LogPluginManager: Mounting plugin CryptoKeys
LogPluginManager: Mounting plugin CurveEditorTools
LogPluginManager: Mounting plugin DataValidation
LogPluginManager: Mounting plugin FacialAnimation
LogPluginManager: Mounting plugin GameplayTagsEditor
LogPluginManager: Mounting plugin GeometryMode
LogPluginManager: Mounting plugin AlembicImporter
LogPluginManager: Mounting plugin AutomationUtils
LogPluginManager: Mounting plugin BackChannel
LogPluginManager: Mounting plugin DatasmithContent
LogPluginManager: Mounting plugin ChaosClothEditor
LogPluginManager: Mounting plugin ChaosCloth
LogPluginManager: Mounting plugin ChaosEditor
LogPluginManager: Mounting plugin ChaosNiagara
LogPluginManager: Mounting plugin MacGraphicsSwitching
LogPluginManager: Mounting plugin ChaosSolverPlugin
LogPluginManager: Mounting plugin MaterialAnalyzer
LogPluginManager: Mounting plugin VariantManagerContent
LogPluginManager: Mounting plugin CharacterAI
LogPluginManager: Mounting plugin MobileLauncherProfileWizard
LogPluginManager: Mounting plugin PluginBrowser
LogPluginManager: Mounting plugin SpeedTreeImporter
LogPluginManager: Mounting plugin GeometryCache
LogPluginManager: Mounting plugin GeometryCollectionPlugin
LogPluginManager: Mounting plugin Niagara
LogPluginManager: Mounting plugin GeometryProcessing
LogPluginManager: Mounting plugin MotoSynth
LogPluginManager: Mounting plugin OpenImageDenoise
LogPluginManager: Mounting plugin PlanarCut
LogPluginManager: Mounting plugin PlatformCrypto
LogPluginManager: Mounting plugin ProxyLODPlugin
LogPluginManager: Mounting plugin PythonScriptPlugin
LogPluginManager: Mounting plugin SkeletalReduction
LogPluginManager: Mounting plugin CPathfinding
LogPluginManager: Mounting plugin MagicLeap
LogPluginManager: Mounting plugin LuminPlatformFeatures
LogPluginManager: Mounting plugin MagicLeapLightEstimation
LogPluginManager: Mounting plugin MagicLeapMedia
LogPluginManager: Mounting plugin MagicLeapPassableWorld
LogPluginManager: Mounting plugin MLSDK
LogPluginManager: Mounting plugin AndroidMedia
LogPluginManager: Mounting plugin AvfMedia
LogPluginManager: Mounting plugin ImgMedia
LogPluginManager: Mounting plugin MediaCompositing
LogPluginManager: Mounting plugin MediaPlayerEditor
LogPluginManager: Mounting plugin WebMMedia
LogPluginManager: Mounting plugin WmfMedia
LogPluginManager: Mounting plugin TcpMessaging
LogPluginManager: Mounting plugin UdpMessaging
LogPluginManager: Mounting plugin ActorSequence
LogPluginManager: Mounting plugin LevelSequenceEditor
LogPluginManager: Mounting plugin MatineeToLevelSequence
LogPluginManager: Mounting plugin TemplateSequence
LogPluginManager: Mounting plugin OnlineSubsystem
LogPluginManager: Mounting plugin OnlineSubsystemNull
LogPluginManager: Mounting plugin OnlineSubsystemUtils
LogPluginManager: Mounting plugin LauncherChunkInstaller
LogPluginManager: Mounting plugin ActorLayerUtilities
LogPluginManager: Mounting plugin AndroidDeviceProfileSelector
LogPluginManager: Mounting plugin AndroidMoviePlayer
LogPluginManager: Mounting plugin AndroidPermission
LogPluginManager: Mounting plugin ApexDestruction
LogPluginManager: Mounting plugin AppleImageUtils
LogPluginManager: Mounting plugin AppleMoviePlayer
LogPluginManager: Mounting plugin ArchVisCharacter
LogPluginManager: Mounting plugin AssetTags
LogPluginManager: Mounting plugin AudioCapture
LogPluginManager: Mounting plugin AudioSynesthesia
LogPluginManager: Mounting plugin CableComponent
LogPluginManager: Mounting plugin ChunkDownloader
LogPluginManager: Mounting plugin CustomMeshComponent
LogPluginManager: Mounting plugin EditableMesh
LogPluginManager: Mounting plugin ExampleDeviceProfileSelector
LogPluginManager: Mounting plugin GoogleCloudMessaging
LogPluginManager: Mounting plugin GooglePAD
LogPluginManager: Mounting plugin IOSDeviceProfileSelector
LogPluginManager: Mounting plugin LinuxDeviceProfileSelector
LogPluginManager: Mounting plugin LocationServicesBPLibrary
LogPluginManager: Mounting plugin MobilePatchingUtils
LogPluginManager: Mounting plugin OpenXR
LogPluginManager: Mounting plugin OpenXREyeTracker
LogPluginManager: Mounting plugin OpenXRHandTracking
LogPluginManager: Mounting plugin PhysXVehicles
LogPluginManager: Mounting plugin PostSplashScreen
LogPluginManager: Mounting plugin ProceduralMeshComponent
LogPluginManager: Mounting plugin PropertyAccessEditor
LogPluginManager: Mounting plugin RuntimePhysXCooking
LogPluginManager: Mounting plugin SignificanceManager
LogPluginManager: Mounting plugin SoundFields
LogPluginManager: Mounting plugin Synthesis
LogPluginManager: Mounting plugin WebMMoviePlayer
LogPluginManager: Mounting plugin WindowsMoviePlayer
LogPluginManager: Mounting plugin ScreenshotTools
LogPluginManager: Mounting plugin Takes
LogPluginManager: Mounting plugin ContentBrowserAssetDataSource
LogPluginManager: Mounting plugin ContentBrowserClassDataSource
LogPluginManager: Mounting plugin ContentBrowserFileDataSource
LogPluginManager: Mounting plugin OnlineSubsystemGooglePlay
LogPluginManager: Mounting plugin OnlineSubsystemIOS
LogPluginManager: Mounting plugin OculusVR
LogPluginManager: Mounting plugin SteamVR
PixWinPlugin: PIX capture plugin failed to initialize! Check that the process is launched from PIX.
LogInit: Using libcurl 7.55.1-DEV
LogInit:  - built for x86_64-pc-win32
LogInit:  - supports SSL with OpenSSL/1.1.1
LogInit:  - supports HTTP deflate (compression) using libz 1.2.8
LogInit:  - other features:
LogInit:      CURL_VERSION_SSL
LogInit:      CURL_VERSION_LIBZ
LogInit:      CURL_VERSION_IPV6
LogInit:      CURL_VERSION_ASYNCHDNS
LogInit:      CURL_VERSION_LARGEFILE
LogInit:      CURL_VERSION_IDN
LogInit:  CurlRequestOptions (configurable via config and command line):
LogInit:  - bVerifyPeer = true  - Libcurl will verify peer certificate
LogInit:  - bUseHttpProxy = false  - Libcurl will NOT use HTTP proxy
LogInit:  - bDontReuseConnections = false  - Libcurl will reuse connections
LogInit:  - MaxHostConnections = 16  - Libcurl will limit the number of connections to a host
LogInit:  - LocalHostAddr = Default
LogInit:  - BufferSize = 65536
LogOnline: OSS: Creating online subsystem instance for: NULL
LogInit: WinSock: version 1.1 (2.2), MaxSocks=32767, MaxUdp=65467
LogOnline: OSS: TryLoadSubsystemAndSetDefault: Loaded subsystem for module [NULL]
LogOculusPluginWrapper: OculusPlugin initialized successfully
LogHMD: Failed initializing OVRPlugin 1.59.0
LogInit: Build: ++UE4+Release-4.27-CL-18319896
LogInit: Engine Version: 4.27.2-18319896+++UE4+Release-4.27
LogInit: Compatible Engine Version: 4.27.0-17155196+++UE4+Release-4.27
LogInit: Net CL: 17155196
LogInit: OS: Windows 10 (Release 2009) (), CPU: AMD Ryzen 7 2700 Eight-Core Processor          , GPU: NVIDIA GeForce GTX 1060 3GB
LogInit: Compiled (64-bit): Nov 30 2021 07:12:08
LogInit: Compiled with Visual C++: 19.24.28315.00
LogInit: Build Configuration: Development
LogInit: Branch Name: ++UE4+Release-4.27
LogInit: Command Line: 
LogInit: Base Directory: E:/Epic Games/UE_4.27/Engine/Binaries/Win64/
LogInit: Allocator: TBB
LogInit: Installed Engine Build: 1
LogDevObjectVersion: Number of dev versions registered: 29
LogDevObjectVersion:   Dev-Blueprints (B0D832E4-1F89-4F0D-ACCF-7EB736FD4AA2): 10
LogDevObjectVersion:   Dev-Build (E1C64328-A22C-4D53-A36C-8E866417BD8C): 0
LogDevObjectVersion:   Dev-Core (375EC13C-06E4-48FB-B500-84F0262A717E): 4
LogDevObjectVersion:   Dev-Editor (E4B068ED-F494-42E9-A231-DA0B2E46BB41): 40
LogDevObjectVersion:   Dev-Framework (CFFC743F-43B0-4480-9391-14DF171D2073): 37
LogDevObjectVersion:   Dev-Mobile (B02B49B5-BB20-44E9-A304-32B752E40360): 3
LogDevObjectVersion:   Dev-Networking (A4E4105C-59A1-49B5-A7C5-40C4547EDFEE): 0
LogDevObjectVersion:   Dev-Online (39C831C9-5AE6-47DC-9A44-9C173E1C8E7C): 0
LogDevObjectVersion:   Dev-Physics (78F01B33-EBEA-4F98-B9B4-84EACCB95AA2): 14
LogDevObjectVersion:   Dev-Platform (6631380F-2D4D-43E0-8009-CF276956A95A): 0
LogDevObjectVersion:   Dev-Rendering (12F88B9F-8875-4AFC-A67C-D90C383ABD29): 45
LogDevObjectVersion:   Dev-Sequencer (7B5AE74C-D270-4C10-A958-57980B212A5A): 13
LogDevObjectVersion:   Dev-VR (D7296918-1DD6-4BDD-9DE2-64A83CC13884): 3
LogDevObjectVersion:   Dev-LoadTimes (C2A15278-BFE7-4AFE-6C17-90FF531DF755): 1
LogDevObjectVersion:   Private-Geometry (6EACA3D4-40EC-4CC1-B786-8BED09428FC5): 3
LogDevObjectVersion:   Dev-AnimPhys (29E575DD-E0A3-4627-9D10-D276232CDCEA): 17
LogDevObjectVersion:   Dev-Anim (AF43A65D-7FD3-4947-9873-3E8ED9C1BB05): 15
LogDevObjectVersion:   Dev-ReflectionCapture (6B266CEC-1EC7-4B8F-A30B-E4D90942FC07): 1
LogDevObjectVersion:   Dev-Automation (0DF73D61-A23F-47EA-B727-89E90C41499A): 1
LogDevObjectVersion:   FortniteMain (601D1886-AC64-4F84-AA16-D3DE0DEAC7D6): 47
LogDevObjectVersion:   FortniteRelease (E7086368-6B23-4C58-8439-1B7016265E91): 1
LogDevObjectVersion:   Dev-Enterprise (9DFFBCD6-494F-0158-E221-12823C92A888): 10
LogDevObjectVersion:   Dev-Niagara (F2AED0AC-9AFE-416F-8664-AA7FFA26D6FC): 1
LogDevObjectVersion:   Dev-Destruction (174F1F0B-B4C6-45A5-B13F-2EE8D0FB917D): 10
LogDevObjectVersion:   Dev-Physics-Ext (35F94A83-E258-406C-A318-09F59610247C): 41
LogDevObjectVersion:   Dev-PhysicsMaterial-Chaos (B68FC16E-8B1B-42E2-B453-215C058844FE): 1
LogDevObjectVersion:   Dev-CineCamera (B2E18506-4273-CFC2-A54E-F4BB758BBA07): 1
LogDevObjectVersion:   Dev-VirtualProduction (64F58936-FD1B-42BA-BA96-7289D5D0FA4E): 1
LogDevObjectVersion:   Dev-MediaFramework (6F0ED827-A609-4895-9C91-998D90180EA4): 2
LogInit: Presizing for max 25165824 objects, including 0 objects not considered by GC, pre-allocating 0 bytes for permanent pool.
LogConfig: Applying CVar settings from Section [/Script/Engine.StreamingSettings] File [E:/School/CapstoneClone/CapstoneProject_HJV/Saved/Config/Windows/Engine.ini]
LogConfig: Setting CVar [[s.MinBulkDataSizeForAsyncLoading:131072]]
LogConfig: Setting CVar [[s.AsyncLoadingThreadEnabled:0]]
LogConfig: Setting CVar [[s.EventDrivenLoaderEnabled:1]]
LogConfig: Setting CVar [[s.WarnIfTimeLimitExceeded:0]]
LogConfig: Setting CVar [[s.TimeLimitExceededMultiplier:1.5]]
LogConfig: Setting CVar [[s.TimeLimitExceededMinTime:0.005]]
LogConfig: Setting CVar [[s.UseBackgroundLevelStreaming:1]]
LogConfig: Setting CVar [[s.PriorityAsyncLoadingExtraTime:15.0]]
LogConfig: Setting CVar [[s.LevelStreamingActorsUpdateTimeLimit:5.0]]
LogConfig: Setting CVar [[s.PriorityLevelStreamingActorsUpdateExtraTime:5.0]]
LogConfig: Setting CVar [[s.LevelStreamingComponentsRegistrationGranularity:10]]
LogConfig: Setting CVar [[s.UnregisterComponentsTimeLimit:1.0]]
LogConfig: Setting CVar [[s.LevelStreamingComponentsUnregistrationGranularity:5]]
LogConfig: Setting CVar [[s.FlushStreamingOnExit:1]]
LogInit: Object subsystem initialized
LogConfig: Setting CVar [[con.DebugEarlyDefault:1]]
LogConfig: Setting CVar [[r.setres:1280x720]]
[2023.04.27-02.00.25:311][  0]LogConfig: Setting CVar [[r.VSync:0]]
[2023.04.27-02.00.25:311][  0]LogConfig: Setting CVar [[r.RHICmdBypass:0]]
[2023.04.27-02.00.25:311][  0]LogConfig: Applying CVar settings from Section [/Script/Engine.RendererSettings] File [E:/School/CapstoneClone/CapstoneProject_HJV/Saved/Config/Windows/Engine.ini]
[2023.04.27-02.00.25:311][  0]LogConfig: Setting CVar [[r.GPUCrashDebugging:0]]
[2023.04.27-02.00.25:311][  0]LogConfig: Applying CVar settings from Section [/Script/Engine.RendererOverrideSettings] File [E:/School/CapstoneClone/CapstoneProject_HJV/Saved/Config/Windows/Engine.ini]
[2023.04.27-02.00.25:312][  0]LogConfig: Applying CVar settings from Section [/Script/Engine.StreamingSettings] File [E:/School/CapstoneClone/CapstoneProject_HJV/Saved/Config/Windows/Engine.ini]
[2023.04.27-02.00.25:312][  0]LogConfig: Setting CVar [[s.MinBulkDataSizeForAsyncLoading:131072]]
[2023.04.27-02.00.25:312][  0]LogConfig: Setting CVar [[s.AsyncLoadingThreadEnabled:0]]
[2023.04.27-02.00.25:312][  0]LogConfig: Setting CVar [[s.EventDrivenLoaderEnabled:1]]
[2023.04.27-02.00.25:312][  0]LogConfig: Setting CVar [[s.WarnIfTimeLimitExceeded:0]]
[2023.04.27-02.00.25:312][  0]LogConfig: Setting CVar [[s.TimeLimitExceededMultiplier:1.5]]
[2023.04.27-02.00.25:312][  0]LogConfig: Setting CVar [[s.TimeLimitExceededMinTime:0.005]]
[2023.04.27-02.00.25:312][  0]LogConfig: Setting CVar [[s.UseBackgroundLevelStreaming:1]]
[2023.04.27-02.00.25:312][  0]LogConfig: Setting CVar [[s.PriorityAsyncLoadingExtraTime:15.0]]
[2023.04.27-02.00.25:312][  0]LogConfig: Setting CVar [[s.LevelStreamingActorsUpdateTimeLimit:5.0]]
[2023.04.27-02.00.25:312][  0]LogConfig: Setting CVar [[s.PriorityLevelStreamingActorsUpdateExtraTime:5.0]]
[2023.04.27-02.00.25:312][  0]LogConfig: Setting CVar [[s.LevelStreamingComponentsRegistrationGranularity:10]]
[2023.04.27-02.00.25:312][  0]LogConfig: Setting CVar [[s.UnregisterComponentsTimeLimit:1.0]]
[2023.04.27-02.00.25:312][  0]LogConfig: Setting CVar [[s.LevelStreamingComponentsUnregistrationGranularity:5]]
[2023.04.27-02.00.25:312][  0]LogConfig: Setting CVar [[s.FlushStreamingOnExit:1]]
[2023.04.27-02.00.25:312][  0]LogConfig: Applying CVar settings from Section [/Script/Engine.GarbageCollectionSettings] File [E:/School/CapstoneClone/CapstoneProject_HJV/Saved/Config/Windows/Engine.ini]
[2023.04.27-02.00.25:312][  0]LogConfig: Setting CVar [[gc.MaxObjectsNotConsideredByGC:1]]
[2023.04.27-02.00.25:312][  0]LogConfig: Setting CVar [[gc.SizeOfPermanentObjectPool:0]]
[2023.04.27-02.00.25:312][  0]LogConfig: Setting CVar [[gc.FlushStreamingOnGC:0]]
[2023.04.27-02.00.25:312][  0]LogConfig: Setting CVar [[gc.NumRetriesBeforeForcingGC:10]]
[2023.04.27-02.00.25:312][  0]LogConfig: Setting CVar [[gc.AllowParallelGC:1]]
[2023.04.27-02.00.25:312][  0]LogConfig: Setting CVar [[gc.TimeBetweenPurgingPendingKillObjects:61.1]]
[2023.04.27-02.00.25:312][  0]LogConfig: Setting CVar [[gc.MaxObjectsInEditor:25165824]]
[2023.04.27-02.00.25:312][  0]LogConfig: Setting CVar [[gc.IncrementalBeginDestroyEnabled:1]]
[2023.04.27-02.00.25:312][  0]LogConfig: Setting CVar [[gc.CreateGCClusters:1]]
[2023.04.27-02.00.25:312][  0]LogConfig: Setting CVar [[gc.MinGCClusterSize:5]]
[2023.04.27-02.00.25:312][  0]LogConfig: Setting CVar [[gc.ActorClusteringEnabled:0]]
[2023.04.27-02.00.25:312][  0]LogConfig: Setting CVar [[gc.BlueprintClusteringEnabled:0]]
[2023.04.27-02.00.25:312][  0]LogConfig: Setting CVar [[gc.UseDisregardForGCOnDedicatedServers:0]]
[2023.04.27-02.00.25:312][  0]LogConfig: Setting CVar [[gc.MultithreadedDestructionEnabled:1]]
[2023.04.27-02.00.25:312][  0]LogConfig: Applying CVar settings from Section [/Script/Engine.NetworkSettings] File [E:/School/CapstoneClone/CapstoneProject_HJV/Saved/Config/Windows/Engine.ini]
[2023.04.27-02.00.25:312][  0]LogConfig: Applying CVar settings from Section [/Script/UnrealEd.CookerSettings] File [E:/School/CapstoneClone/CapstoneProject_HJV/Saved/Config/Windows/Engine.ini]
[2023.04.27-02.00.25:353][  0]LogConfig: Applying CVar settings from Section [ViewDistanceQuality@3] File [E:/School/CapstoneClone/CapstoneProject_HJV/Saved/Config/Windows/Scalability.ini]
[2023.04.27-02.00.25:353][  0]LogConfig: Setting CVar [[r.SkeletalMeshLODBias:0]]
[2023.04.27-02.00.25:353][  0]LogConfig: Setting CVar [[r.ViewDistanceScale:1.0]]
[2023.04.27-02.00.25:353][  0]LogConfig: Applying CVar settings from Section [AntiAliasingQuality@3] File [E:/School/CapstoneClone/CapstoneProject_HJV/Saved/Config/Windows/Scalability.ini]
[2023.04.27-02.00.25:353][  0]LogConfig: Setting CVar [[r.PostProcessAAQuality:4]]
[2023.04.27-02.00.25:353][  0]LogConfig: Applying CVar settings from Section [ShadowQuality@3] File [E:/School/CapstoneClone/CapstoneProject_HJV/Saved/Config/Windows/Scalability.ini]
[2023.04.27-02.00.25:353][  0]LogConfig: Setting CVar [[r.LightFunctionQuality:1]]
[2023.04.27-02.00.25:353][  0]LogConfig: Setting CVar [[r.ShadowQuality:5]]
[2023.04.27-02.00.25:353][  0]LogConfig: Setting CVar [[r.Shadow.CSM.MaxCascades:10]]
[2023.04.27-02.00.25:353][  0]LogConfig: Setting CVar [[r.Shadow.MaxResolution:2048]]
[2023.04.27-02.00.25:353][  0]LogConfig: Setting CVar [[r.Shadow.MaxCSMResolution:2048]]
[2023.04.27-02.00.25:353][  0]LogConfig: Setting CVar [[r.Shadow.RadiusThreshold:0.01]]
[2023.04.27-02.00.25:353][  0]LogConfig: Setting CVar [[r.Shadow.DistanceScale:1.0]]
[2023.04.27-02.00.25:353][  0]LogConfig: Setting CVar [[r.Shadow.CSM.TransitionScale:1.0]]
[2023.04.27-02.00.25:353][  0]LogConfig: Setting CVar [[r.Shadow.PreShadowResolutionFactor:1.0]]
[2023.04.27-02.00.25:353][  0]LogConfig: Setting CVar [[r.DistanceFieldShadowing:1]]
[2023.04.27-02.00.25:353][  0]LogConfig: Setting CVar [[r.DistanceFieldAO:1]]
[2023.04.27-02.00.25:353][  0]LogConfig: Setting CVar [[r.AOQuality:2]]
[2023.04.27-02.00.25:353][  0]LogConfig: Setting CVar [[r.VolumetricFog:1]]
[2023.04.27-02.00.25:353][  0]LogConfig: Setting CVar [[r.VolumetricFog.GridPixelSize:8]]
[2023.04.27-02.00.25:353][  0]LogConfig: Setting CVar [[r.VolumetricFog.GridSizeZ:128]]
[2023.04.27-02.00.25:353][  0]LogConfig: Setting CVar [[r.VolumetricFog.HistoryMissSupersampleCount:4]]
[2023.04.27-02.00.25:353][  0]LogConfig: Setting CVar [[r.LightMaxDrawDistanceScale:1]]
[2023.04.27-02.00.25:353][  0]LogConfig: Setting CVar [[r.CapsuleShadows:1]]
[2023.04.27-02.00.25:353][  0]LogConfig: Applying CVar settings from Section [PostProcessQuality@3] File [E:/School/CapstoneClone/CapstoneProject_HJV/Saved/Config/Windows/Scalability.ini]
[2023.04.27-02.00.25:353][  0]LogConfig: Setting CVar [[r.MotionBlurQuality:4]]
[2023.04.27-02.00.25:353][  0]LogConfig: Setting CVar [[r.AmbientOcclusionMipLevelFactor:0.4]]
[2023.04.27-02.00.25:353][  0]LogConfig: Setting CVar [[r.AmbientOcclusionMaxQuality:100]]
[2023.04.27-02.00.25:353][  0]LogConfig: Setting CVar [[r.AmbientOcclusionLevels:-1]]
[2023.04.27-02.00.25:353][  0]LogConfig: Setting CVar [[r.AmbientOcclusionRadiusScale:1.0]]
[2023.04.27-02.00.25:353][  0]LogConfig: Setting CVar [[r.DepthOfFieldQuality:2]]
[2023.04.27-02.00.25:353][  0]LogConfig: Setting CVar [[r.RenderTargetPoolMin:400]]
[2023.04.27-02.00.25:353][  0]LogConfig: Setting CVar [[r.LensFlareQuality:2]]
[2023.04.27-02.00.25:353][  0]LogConfig: Setting CVar [[r.SceneColorFringeQuality:1]]
[2023.04.27-02.00.25:353][  0]LogConfig: Setting CVar [[r.EyeAdaptationQuality:2]]
[2023.04.27-02.00.25:353][  0]LogConfig: Setting CVar [[r.BloomQuality:5]]
[2023.04.27-02.00.25:353][  0]LogConfig: Setting CVar [[r.FastBlurThreshold:100]]
[2023.04.27-02.00.25:353][  0]LogConfig: Setting CVar [[r.Upscale.Quality:3]]
[2023.04.27-02.00.25:353][  0]LogConfig: Setting CVar [[r.Tonemapper.GrainQuantization:1]]
[2023.04.27-02.00.25:353][  0]LogConfig: Setting CVar [[r.LightShaftQuality:1]]
[2023.04.27-02.00.25:353][  0]LogConfig: Setting CVar [[r.Filter.SizeScale:1]]
[2023.04.27-02.00.25:353][  0]LogConfig: Setting CVar [[r.Tonemapper.Quality:5]]
[2023.04.27-02.00.25:353][  0]LogConfig: Setting CVar [[r.DOF.Gather.AccumulatorQuality:1        ; higher gathering accumulator quality]]
[2023.04.27-02.00.25:353][  0]LogConfig: Setting CVar [[r.DOF.Gather.PostfilterMethod:1          ; Median3x3 postfilering method]]
[2023.04.27-02.00.25:353][  0]LogConfig: Setting CVar [[r.DOF.Gather.EnableBokehSettings:0       ; no bokeh simulation when gathering]]
[2023.04.27-02.00.25:353][  0]LogConfig: Setting CVar [[r.DOF.Gather.RingCount:4                 ; medium number of samples when gathering]]
[2023.04.27-02.00.25:353][  0]LogConfig: Setting CVar [[r.DOF.Scatter.ForegroundCompositing:1    ; additive foreground scattering]]
[2023.04.27-02.00.25:353][  0]LogConfig: Setting CVar [[r.DOF.Scatter.BackgroundCompositing:2    ; additive background scattering]]
[2023.04.27-02.00.25:353][  0]LogConfig: Setting CVar [[r.DOF.Scatter.EnableBokehSettings:1      ; bokeh simulation when scattering]]
[2023.04.27-02.00.25:353][  0]LogConfig: Setting CVar [[r.DOF.Scatter.MaxSpriteRatio:0.1         ; only a maximum of 10% of scattered bokeh]]
[2023.04.27-02.00.25:353][  0]LogConfig: Setting CVar [[r.DOF.Recombine.Quality:1                ; cheap slight out of focus]]
[2023.04.27-02.00.25:353][  0]LogConfig: Setting CVar [[r.DOF.Recombine.EnableBokehSettings:0    ; no bokeh simulation on slight out of focus]]
[2023.04.27-02.00.25:353][  0]LogConfig: Setting CVar [[r.DOF.TemporalAAQuality:1                ; more stable temporal accumulation]]
[2023.04.27-02.00.25:353][  0]LogConfig: Setting CVar [[r.DOF.Kernel.MaxForegroundRadius:0.025]]
[2023.04.27-02.00.25:353][  0]LogConfig: Setting CVar [[r.DOF.Kernel.MaxBackgroundRadius:0.025]]
[2023.04.27-02.00.25:353][  0]LogConfig: Applying CVar settings from Section [TextureQuality@3] File [E:/School/CapstoneClone/CapstoneProject_HJV/Saved/Config/Windows/Scalability.ini]
[2023.04.27-02.00.25:353][  0]LogConfig: Setting CVar [[r.Streaming.MipBias:0]]
[2023.04.27-02.00.25:354][  0]LogConfig: Setting CVar [[r.Streaming.AmortizeCPUToGPUCopy:0]]
[2023.04.27-02.00.25:354][  0]LogConfig: Setting CVar [[r.Streaming.MaxNumTexturesToStreamPerFrame:0]]
[2023.04.27-02.00.25:354][  0]LogConfig: Setting CVar [[r.Streaming.Boost:1]]
[2023.04.27-02.00.25:354][  0]LogConfig: Setting CVar [[r.MaxAnisotropy:8]]
[2023.04.27-02.00.25:354][  0]LogConfig: Setting CVar [[r.VT.MaxAnisotropy:8]]
[2023.04.27-02.00.25:354][  0]LogConfig: Setting CVar [[r.Streaming.LimitPoolSizeToVRAM:0]]
[2023.04.27-02.00.25:354][  0]LogConfig: Setting CVar [[r.Streaming.PoolSize:1000]]
[2023.04.27-02.00.25:354][  0]LogConfig: Setting CVar [[r.Streaming.MaxEffectiveScreenSize:0]]
[2023.04.27-02.00.25:354][  0]LogConfig: Applying CVar settings from Section [EffectsQuality@3] File [E:/School/CapstoneClone/CapstoneProject_HJV/Saved/Config/Windows/Scalability.ini]
[2023.04.27-02.00.25:354][  0]LogConfig: Setting CVar [[r.TranslucencyLightingVolumeDim:64]]
[2023.04.27-02.00.25:354][  0]LogConfig: Setting CVar [[r.RefractionQuality:2]]
[2023.04.27-02.00.25:354][  0]LogConfig: Setting CVar [[r.SSR.Quality:3]]
[2023.04.27-02.00.25:354][  0]LogConfig: Setting CVar [[r.SSR.HalfResSceneColor:0]]
[2023.04.27-02.00.25:354][  0]LogConfig: Setting CVar [[r.SceneColorFormat:4]]
[2023.04.27-02.00.25:354][  0]LogConfig: Setting CVar [[r.DetailMode:2]]
[2023.04.27-02.00.25:354][  0]LogConfig: Setting CVar [[r.TranslucencyVolumeBlur:1]]
[2023.04.27-02.00.25:354][  0]LogConfig: Setting CVar [[r.MaterialQualityLevel:1 ; High quality]]
[2023.04.27-02.00.25:354][  0]LogConfig: Setting CVar [[r.AnisotropicMaterials:1]]
[2023.04.27-02.00.25:354][  0]LogConfig: Setting CVar [[r.SSS.Scale:1]]
[2023.04.27-02.00.25:354][  0]LogConfig: Setting CVar [[r.SSS.SampleSet:2]]
[2023.04.27-02.00.25:354][  0]LogConfig: Setting CVar [[r.SSS.Quality:1]]
[2023.04.27-02.00.25:354][  0]LogConfig: Setting CVar [[r.SSS.HalfRes:0]]
[2023.04.27-02.00.25:354][  0]LogConfig: Setting CVar [[r.SSGI.Quality:3]]
[2023.04.27-02.00.25:354][  0]LogConfig: Setting CVar [[r.EmitterSpawnRateScale:1.0]]
[2023.04.27-02.00.25:354][  0]LogConfig: Setting CVar [[r.ParticleLightQuality:2]]
[2023.04.27-02.00.25:354][  0]LogConfig: Setting CVar [[r.SkyAtmosphere.AerialPerspectiveLUT.FastApplyOnOpaque:1 ; Always have FastSkyLUT 1 in this case to avoid wrong sky]]
[2023.04.27-02.00.25:354][  0]LogConfig: Setting CVar [[r.SkyAtmosphere.AerialPerspectiveLUT.SampleCountMaxPerSlice:4]]
[2023.04.27-02.00.25:354][  0]LogConfig: Setting CVar [[r.SkyAtmosphere.AerialPerspectiveLUT.DepthResolution:16.0]]
[2023.04.27-02.00.25:354][  0]LogConfig: Setting CVar [[r.SkyAtmosphere.FastSkyLUT:1]]
[2023.04.27-02.00.25:354][  0]LogConfig: Setting CVar [[r.SkyAtmosphere.FastSkyLUT.SampleCountMin:4.0]]
[2023.04.27-02.00.25:354][  0]LogConfig: Setting CVar [[r.SkyAtmosphere.FastSkyLUT.SampleCountMax:128.0]]
[2023.04.27-02.00.25:354][  0]LogConfig: Setting CVar [[r.SkyAtmosphere.SampleCountMin:4.0]]
[2023.04.27-02.00.25:354][  0]LogConfig: Setting CVar [[r.SkyAtmosphere.SampleCountMax:128.0]]
[2023.04.27-02.00.25:354][  0]LogConfig: Setting CVar [[r.SkyAtmosphere.TransmittanceLUT.UseSmallFormat:0]]
[2023.04.27-02.00.25:354][  0]LogConfig: Setting CVar [[r.SkyAtmosphere.TransmittanceLUT.SampleCount:10.0]]
[2023.04.27-02.00.25:354][  0]LogConfig: Setting CVar [[r.SkyAtmosphere.MultiScatteringLUT.SampleCount:15.0]]
[2023.04.27-02.00.25:354][  0]LogConfig: Setting CVar [[r.SkyLight.RealTimeReflectionCapture:1]]
[2023.04.27-02.00.25:354][  0]LogConfig: Applying CVar settings from Section [FoliageQuality@3] File [E:/School/CapstoneClone/CapstoneProject_HJV/Saved/Config/Windows/Scalability.ini]
[2023.04.27-02.00.25:354][  0]LogConfig: Setting CVar [[foliage.DensityScale:1.0]]
[2023.04.27-02.00.25:354][  0]LogConfig: Setting CVar [[grass.DensityScale:1.0]]
[2023.04.27-02.00.25:354][  0]LogConfig: Applying CVar settings from Section [ShadingQuality@3] File [E:/School/CapstoneClone/CapstoneProject_HJV/Saved/Config/Windows/Scalability.ini]
[2023.04.27-02.00.25:354][  0]LogConfig: Setting CVar [[r.HairStrands.SkyLighting.IntegrationType:2]]
[2023.04.27-02.00.25:354][  0]LogConfig: Setting CVar [[r.HairStrands.SkyAO.SampleCount:4]]
[2023.04.27-02.00.25:354][  0]LogConfig: Setting CVar [[r.HairStrands.Visibility.MSAA.SamplePerPixel:4]]
[2023.04.27-02.00.25:364][  0]LogInit: Selected Device Profile: [Windows]
[2023.04.27-02.00.25:364][  0]LogInit: Applying CVar settings loaded from the selected device profile: [Windows]
[2023.04.27-02.00.25:365][  0]LogHAL: Display: Platform has ~ 24 GB [25697697792 / 34359738368 / 24], which maps to Larger [LargestMinGB=32, LargerMinGB=12, DefaultMinGB=8, SmallerMinGB=6, SmallestMinGB=0)
[2023.04.27-02.00.25:382][  0]LogInit: Going up to parent DeviceProfile []
[2023.04.27-02.00.25:388][  0]LogConfig: Applying CVar settings from Section [ViewDistanceQuality@3] File [E:/School/CapstoneClone/CapstoneProject_HJV/Saved/Config/Windows/Scalability.ini]
[2023.04.27-02.00.25:388][  0]LogConfig: Setting CVar [[r.SkeletalMeshLODBias:0]]
[2023.04.27-02.00.25:388][  0]LogConfig: Setting CVar [[r.ViewDistanceScale:1.0]]
[2023.04.27-02.00.25:388][  0]LogConfig: Applying CVar settings from Section [AntiAliasingQuality@3] File [E:/School/CapstoneClone/CapstoneProject_HJV/Saved/Config/Windows/Scalability.ini]
[2023.04.27-02.00.25:388][  0]LogConfig: Setting CVar [[r.PostProcessAAQuality:4]]
[2023.04.27-02.00.25:388][  0]LogConfig: Applying CVar settings from Section [ShadowQuality@3] File [E:/School/CapstoneClone/CapstoneProject_HJV/Saved/Config/Windows/Scalability.ini]
[2023.04.27-02.00.25:388][  0]LogConfig: Setting CVar [[r.LightFunctionQuality:1]]
[2023.04.27-02.00.25:388][  0]LogConfig: Setting CVar [[r.ShadowQuality:5]]
[2023.04.27-02.00.25:388][  0]LogConfig: Setting CVar [[r.Shadow.CSM.MaxCascades:10]]
[2023.04.27-02.00.25:388][  0]LogConfig: Setting CVar [[r.Shadow.MaxResolution:2048]]
[2023.04.27-02.00.25:388][  0]LogConfig: Setting CVar [[r.Shadow.MaxCSMResolution:2048]]
[2023.04.27-02.00.25:388][  0]LogConfig: Setting CVar [[r.Shadow.RadiusThreshold:0.01]]
[2023.04.27-02.00.25:388][  0]LogConfig: Setting CVar [[r.Shadow.DistanceScale:1.0]]
[2023.04.27-02.00.25:388][  0]LogConfig: Setting CVar [[r.Shadow.CSM.TransitionScale:1.0]]
[2023.04.27-02.00.25:388][  0]LogConfig: Setting CVar [[r.Shadow.PreShadowResolutionFactor:1.0]]
[2023.04.27-02.00.25:388][  0]LogConfig: Setting CVar [[r.DistanceFieldShadowing:1]]
[2023.04.27-02.00.25:388][  0]LogConfig: Setting CVar [[r.DistanceFieldAO:1]]
[2023.04.27-02.00.25:388][  0]LogConfig: Setting CVar [[r.AOQuality:2]]
[2023.04.27-02.00.25:388][  0]LogConfig: Setting CVar [[r.VolumetricFog:1]]
[2023.04.27-02.00.25:388][  0]LogConfig: Setting CVar [[r.VolumetricFog.GridPixelSize:8]]
[2023.04.27-02.00.25:388][  0]LogConfig: Setting CVar [[r.VolumetricFog.GridSizeZ:128]]
[2023.04.27-02.00.25:388][  0]LogConfig: Setting CVar [[r.VolumetricFog.HistoryMissSupersampleCount:4]]
[2023.04.27-02.00.25:388][  0]LogConfig: Setting CVar [[r.LightMaxDrawDistanceScale:1]]
[2023.04.27-02.00.25:388][  0]LogConfig: Setting CVar [[r.CapsuleShadows:1]]
[2023.04.27-02.00.25:388][  0]LogConfig: Applying CVar settings from Section [PostProcessQuality@3] File [E:/School/CapstoneClone/CapstoneProject_HJV/Saved/Config/Windows/Scalability.ini]
[2023.04.27-02.00.25:388][  0]LogConfig: Setting CVar [[r.MotionBlurQuality:4]]
[2023.04.27-02.00.25:388][  0]LogConfig: Setting CVar [[r.AmbientOcclusionMipLevelFactor:0.4]]
[2023.04.27-02.00.25:388][  0]LogConfig: Setting CVar [[r.AmbientOcclusionMaxQuality:100]]
[2023.04.27-02.00.25:388][  0]LogConfig: Setting CVar [[r.AmbientOcclusionLevels:-1]]
[2023.04.27-02.00.25:388][  0]LogConfig: Setting CVar [[r.AmbientOcclusionRadiusScale:1.0]]
[2023.04.27-02.00.25:388][  0]LogConfig: Setting CVar [[r.DepthOfFieldQuality:2]]
[2023.04.27-02.00.25:388][  0]LogConfig: Setting CVar [[r.RenderTargetPoolMin:400]]
[2023.04.27-02.00.25:388][  0]LogConfig: Setting CVar [[r.LensFlareQuality:2]]
[2023.04.27-02.00.25:388][  0]LogConfig: Setting CVar [[r.SceneColorFringeQuality:1]]
[2023.04.27-02.00.25:388][  0]LogConfig: Setting CVar [[r.EyeAdaptationQuality:2]]
[2023.04.27-02.00.25:388][  0]LogConfig: Setting CVar [[r.BloomQuality:5]]
[2023.04.27-02.00.25:388][  0]LogConfig: Setting CVar [[r.FastBlurThreshold:100]]
[2023.04.27-02.00.25:388][  0]LogConfig: Setting CVar [[r.Upscale.Quality:3]]
[2023.04.27-02.00.25:388][  0]LogConfig: Setting CVar [[r.Tonemapper.GrainQuantization:1]]
[2023.04.27-02.00.25:388][  0]LogConfig: Setting CVar [[r.LightShaftQuality:1]]
[2023.04.27-02.00.25:388][  0]LogConfig: Setting CVar [[r.Filter.SizeScale:1]]
[2023.04.27-02.00.25:388][  0]LogConfig: Setting CVar [[r.Tonemapper.Quality:5]]
[2023.04.27-02.00.25:388][  0]LogConfig: Setting CVar [[r.DOF.Gather.AccumulatorQuality:1        ; higher gathering accumulator quality]]
[2023.04.27-02.00.25:388][  0]LogConfig: Setting CVar [[r.DOF.Gather.PostfilterMethod:1          ; Median3x3 postfilering method]]
[2023.04.27-02.00.25:388][  0]LogConfig: Setting CVar [[r.DOF.Gather.EnableBokehSettings:0       ; no bokeh simulation when gathering]]
[2023.04.27-02.00.25:388][  0]LogConfig: Setting CVar [[r.DOF.Gather.RingCount:4                 ; medium number of samples when gathering]]
[2023.04.27-02.00.25:388][  0]LogConfig: Setting CVar [[r.DOF.Scatter.ForegroundCompositing:1    ; additive foreground scattering]]
[2023.04.27-02.00.25:388][  0]LogConfig: Setting CVar [[r.DOF.Scatter.BackgroundCompositing:2    ; additive background scattering]]
[2023.04.27-02.00.25:389][  0]LogConfig: Setting CVar [[r.DOF.Scatter.EnableBokehSettings:1      ; bokeh simulation when scattering]]
[2023.04.27-02.00.25:389][  0]LogConfig: Setting CVar [[r.DOF.Scatter.MaxSpriteRatio:0.1         ; only a maximum of 10% of scattered bokeh]]
[2023.04.27-02.00.25:389][  0]LogConfig: Setting CVar [[r.DOF.Recombine.Quality:1                ; cheap slight out of focus]]
[2023.04.27-02.00.25:389][  0]LogConfig: Setting CVar [[r.DOF.Recombine.EnableBokehSettings:0    ; no bokeh simulation on slight out of focus]]
[2023.04.27-02.00.25:389][  0]LogConfig: Setting CVar [[r.DOF.TemporalAAQuality:1                ; more stable temporal accumulation]]
[2023.04.27-02.00.25:389][  0]LogConfig: Setting CVar [[r.DOF.Kernel.MaxForegroundRadius:0.025]]
[2023.04.27-02.00.25:389][  0]LogConfig: Setting CVar [[r.DOF.Kernel.MaxBackgroundRadius:0.025]]
[2023.04.27-02.00.25:389][  0]LogConfig: Applying CVar settings from Section [TextureQuality@3] File [E:/School/CapstoneClone/CapstoneProject_HJV/Saved/Config/Windows/Scalability.ini]
[2023.04.27-02.00.25:389][  0]LogConfig: Setting CVar [[r.Streaming.MipBias:0]]
[2023.04.27-02.00.25:389][  0]LogConfig: Setting CVar [[r.Streaming.AmortizeCPUToGPUCopy:0]]
[2023.04.27-02.00.25:389][  0]LogConfig: Setting CVar [[r.Streaming.MaxNumTexturesToStreamPerFrame:0]]
[2023.04.27-02.00.25:389][  0]LogConfig: Setting CVar [[r.Streaming.Boost:1]]
[2023.04.27-02.00.25:389][  0]LogConfig: Setting CVar [[r.MaxAnisotropy:8]]
[2023.04.27-02.00.25:389][  0]LogConfig: Setting CVar [[r.VT.MaxAnisotropy:8]]
[2023.04.27-02.00.25:389][  0]LogConfig: Setting CVar [[r.Streaming.LimitPoolSizeToVRAM:0]]
[2023.04.27-02.00.25:389][  0]LogConfig: Setting CVar [[r.Streaming.PoolSize:1000]]
[2023.04.27-02.00.25:389][  0]LogConfig: Setting CVar [[r.Streaming.MaxEffectiveScreenSize:0]]
[2023.04.27-02.00.25:389][  0]LogConfig: Applying CVar settings from Section [EffectsQuality@3] File [E:/School/CapstoneClone/CapstoneProject_HJV/Saved/Config/Windows/Scalability.ini]
[2023.04.27-02.00.25:389][  0]LogConfig: Setting CVar [[r.TranslucencyLightingVolumeDim:64]]
[2023.04.27-02.00.25:389][  0]LogConfig: Setting CVar [[r.RefractionQuality:2]]
[2023.04.27-02.00.25:389][  0]LogConfig: Setting CVar [[r.SSR.Quality:3]]
[2023.04.27-02.00.25:389][  0]LogConfig: Setting CVar [[r.SSR.HalfResSceneColor:0]]
[2023.04.27-02.00.25:389][  0]LogConfig: Setting CVar [[r.SceneColorFormat:4]]
[2023.04.27-02.00.25:389][  0]LogConfig: Setting CVar [[r.DetailMode:2]]
[2023.04.27-02.00.25:389][  0]LogConfig: Setting CVar [[r.TranslucencyVolumeBlur:1]]
[2023.04.27-02.00.25:389][  0]LogConfig: Setting CVar [[r.MaterialQualityLevel:1 ; High quality]]
[2023.04.27-02.00.25:389][  0]LogConfig: Setting CVar [[r.AnisotropicMaterials:1]]
[2023.04.27-02.00.25:389][  0]LogConfig: Setting CVar [[r.SSS.Scale:1]]
[2023.04.27-02.00.25:389][  0]LogConfig: Setting CVar [[r.SSS.SampleSet:2]]
[2023.04.27-02.00.25:389][  0]LogConfig: Setting CVar [[r.SSS.Quality:1]]
[2023.04.27-02.00.25:389][  0]LogConfig: Setting CVar [[r.SSS.HalfRes:0]]
[2023.04.27-02.00.25:389][  0]LogConfig: Setting CVar [[r.SSGI.Quality:3]]
[2023.04.27-02.00.25:389][  0]LogConfig: Setting CVar [[r.EmitterSpawnRateScale:1.0]]
[2023.04.27-02.00.25:389][  0]LogConfig: Setting CVar [[r.ParticleLightQuality:2]]
[2023.04.27-02.00.25:389][  0]LogConfig: Setting CVar [[r.SkyAtmosphere.AerialPerspectiveLUT.FastApplyOnOpaque:1 ; Always have FastSkyLUT 1 in this case to avoid wrong sky]]
[2023.04.27-02.00.25:389][  0]LogConfig: Setting CVar [[r.SkyAtmosphere.AerialPerspectiveLUT.SampleCountMaxPerSlice:4]]
[2023.04.27-02.00.25:389][  0]LogConfig: Setting CVar [[r.SkyAtmosphere.AerialPerspectiveLUT.DepthResolution:16.0]]
[2023.04.27-02.00.25:389][  0]LogConfig: Setting CVar [[r.SkyAtmosphere.FastSkyLUT:1]]
[2023.04.27-02.00.25:389][  0]LogConfig: Setting CVar [[r.SkyAtmosphere.FastSkyLUT.SampleCountMin:4.0]]
[2023.04.27-02.00.25:389][  0]LogConfig: Setting CVar [[r.SkyAtmosphere.FastSkyLUT.SampleCountMax:128.0]]
[2023.04.27-02.00.25:389][  0]LogConfig: Setting CVar [[r.SkyAtmosphere.SampleCountMin:4.0]]
[2023.04.27-02.00.25:389][  0]LogConfig: Setting CVar [[r.SkyAtmosphere.SampleCountMax:128.0]]
[2023.04.27-02.00.25:389][  0]LogConfig: Setting CVar [[r.SkyAtmosphere.TransmittanceLUT.UseSmallFormat:0]]
[2023.04.27-02.00.25:389][  0]LogConfig: Setting CVar [[r.SkyAtmosphere.TransmittanceLUT.SampleCount:10.0]]
[2023.04.27-02.00.25:389][  0]LogConfig: Setting CVar [[r.SkyAtmosphere.MultiScatteringLUT.SampleCount:15.0]]
[2023.04.27-02.00.25:389][  0]LogConfig: Setting CVar [[r.SkyLight.RealTimeReflectionCapture:1]]
[2023.04.27-02.00.25:389][  0]LogConfig: Applying CVar settings from Section [FoliageQuality@3] File [E:/School/CapstoneClone/CapstoneProject_HJV/Saved/Config/Windows/Scalability.ini]
[2023.04.27-02.00.25:389][  0]LogConfig: Setting CVar [[foliage.DensityScale:1.0]]
[2023.04.27-02.00.25:389][  0]LogConfig: Setting CVar [[grass.DensityScale:1.0]]
[2023.04.27-02.00.25:389][  0]LogConfig: Applying CVar settings from Section [ShadingQuality@3] File [E:/School/CapstoneClone/CapstoneProject_HJV/Saved/Config/Windows/Scalability.ini]
[2023.04.27-02.00.25:389][  0]LogConfig: Setting CVar [[r.HairStrands.SkyLighting.IntegrationType:2]]
[2023.04.27-02.00.25:389][  0]LogConfig: Setting CVar [[r.HairStrands.SkyAO.SampleCount:4]]
[2023.04.27-02.00.25:389][  0]LogConfig: Setting CVar [[r.HairStrands.Visibility.MSAA.SamplePerPixel:4]]
[2023.04.27-02.00.25:389][  0]LogConfig: Applying CVar settings from Section [Startup] File [../../../Engine/Config/ConsoleVariables.ini]
[2023.04.27-02.00.25:411][  0]LogConfig: Setting CVar [[net.UseAdaptiveNetUpdateFrequency:0]]
[2023.04.27-02.00.25:411][  0]LogConfig: Setting CVar [[p.chaos.AllowCreatePhysxBodies:1]]
[2023.04.27-02.00.25:411][  0]LogConfig: Setting CVar [[fx.SkipVectorVMBackendOptimizations:1]]
[2023.04.27-02.00.25:411][  0]LogConfig: Applying CVar settings from Section [ConsoleVariables] File [E:/School/CapstoneClone/CapstoneProject_HJV/Saved/Config/Windows/Engine.ini]
[2023.04.27-02.00.25:411][  0]LogConfig: Applying CVar settings from Section [ConsoleVariables] File [E:/School/CapstoneClone/CapstoneProject_HJV/Saved/Config/Windows/Editor.ini]
[2023.04.27-02.00.25:420][  0]LogInit: Computer: DESKTOP-FIRQR9R
[2023.04.27-02.00.25:420][  0]LogInit: User: ehowl
[2023.04.27-02.00.25:420][  0]LogInit: CPU Page size=4096, Cores=8
[2023.04.27-02.00.25:420][  0]LogInit: High frequency timer resolution =10.000000 MHz
[2023.04.27-02.00.25:420][  0]LogMemory: Memory total: Physical=23.9GB (24GB approx)
[2023.04.27-02.00.25:420][  0]LogMemory: Platform Memory Stats for Windows
[2023.04.27-02.00.25:420][  0]LogMemory: Process Physical Memory: 148.15 MB used, 148.16 MB peak
[2023.04.27-02.00.25:420][  0]LogMemory: Process Virtual Memory: 133.12 MB used, 133.12 MB peak
[2023.04.27-02.00.25:420][  0]LogMemory: Physical Memory: 14840.74 MB used,  9666.49 MB free, 24507.23 MB total
[2023.04.27-02.00.25:420][  0]LogMemory: Virtual Memory: 134212984.00 MB used,  4741.38 MB free, 134217728.00 MB total
[2023.04.27-02.00.25:428][  0]LogWindows: WindowsPlatformFeatures enabled
[2023.04.27-02.00.25:893][  0]LogInit: Physics initialised using underlying interface: PhysX
[2023.04.27-02.00.25:902][  0]LogInit: Using OS detected language (en-US).
[2023.04.27-02.00.25:902][  0]LogInit: Using OS detected locale (en-US).
[2023.04.27-02.00.25:905][  0]LogTextLocalizationManager: No specific localization for 'en-US' exists, so the 'en' localization will be used.
[2023.04.27-02.00.26:627][  0]LogInit: Setting process to per monitor DPI aware
[2023.04.27-02.00.26:677][  0]LogWindowsTextInputMethodSystem: Display: IME system deactivated.
[2023.04.27-02.00.26:811][  0]LogSlate: New Slate User Created.  User Index 0, Is Virtual User: 0
[2023.04.27-02.00.26:811][  0]LogSlate: Slate User Registered.  User Index 0, Is Virtual User: 0
[2023.04.27-02.00.30:769][  0]LogD3D11RHI: Loaded GFSDK_Aftermath_Lib.x64.dll
[2023.04.27-02.00.30:772][  0]LogHMD: Failed to initialize OpenVR with code 110
[2023.04.27-02.00.30:772][  0]LogD3D11RHI: D3D11 min allowed feature level: 11_0
[2023.04.27-02.00.30:772][  0]LogD3D11RHI: D3D11 max allowed feature level: 11_0
[2023.04.27-02.00.30:772][  0]LogD3D11RHI: D3D11 adapters:
[2023.04.27-02.00.30:929][  0]LogD3D11RHI:    0. 'NVIDIA GeForce GTX 1060 3GB' (Feature Level 11_0)
[2023.04.27-02.00.30:929][  0]LogD3D11RHI:       2988/0/12253 MB DedicatedVideo/DedicatedSystem/SharedSystem, Outputs:2, VendorId:0x10de
[2023.04.27-02.00.30:933][  0]LogD3D11RHI:    1. 'Microsoft Basic Render Driver' (Feature Level 11_0)
[2023.04.27-02.00.30:933][  0]LogD3D11RHI:       0/0/12253 MB DedicatedVideo/DedicatedSystem/SharedSystem, Outputs:0, VendorId:0x1414
[2023.04.27-02.00.30:933][  0]LogD3D11RHI: Chosen D3D11 Adapter:
[2023.04.27-02.00.30:933][  0]LogD3D11RHI:     Description : NVIDIA GeForce GTX 1060 3GB
[2023.04.27-02.00.30:933][  0]LogD3D11RHI:     VendorId    : 10de
[2023.04.27-02.00.30:933][  0]LogD3D11RHI:     DeviceId    : 1c02
[2023.04.27-02.00.30:933][  0]LogD3D11RHI:     SubSysId    : 61603842
[2023.04.27-02.00.30:933][  0]LogD3D11RHI:     Revision    : 00a1
[2023.04.27-02.00.30:933][  0]LogD3D11RHI:     DedicatedVideoMemory : 3133145088 bytes
[2023.04.27-02.00.30:933][  0]LogD3D11RHI:     DedicatedSystemMemory : 0 bytes
[2023.04.27-02.00.30:933][  0]LogD3D11RHI:     SharedSystemMemory : 12848848896 bytes
[2023.04.27-02.00.30:933][  0]LogD3D11RHI:     AdapterLuid : 0 44575
[2023.04.27-02.00.30:955][  0]LogD3D11RHI: Creating new Direct3DDevice
[2023.04.27-02.00.30:955][  0]LogD3D11RHI:     GPU DeviceId: 0x1c02 (for the marketing name, search the web for "GPU Device Id")
[2023.04.27-02.00.30:955][  0]LogWindows: EnumDisplayDevices:
[2023.04.27-02.00.30:956][  0]LogWindows:    0. 'NVIDIA GeForce GTX 1060 3GB' (P:1 D:1)
[2023.04.27-02.00.30:956][  0]LogWindows:    1. 'NVIDIA GeForce GTX 1060 3GB' (P:0 D:1)
[2023.04.27-02.00.30:956][  0]LogWindows:    2. 'NVIDIA GeForce GTX 1060 3GB' (P:0 D:0)
[2023.04.27-02.00.30:957][  0]LogWindows:    3. 'NVIDIA GeForce GTX 1060 3GB' (P:0 D:0)
[2023.04.27-02.00.30:957][  0]LogWindows: DebugString: FoundDriverCount:4 
[2023.04.27-02.00.30:957][  0]LogD3D11RHI:     Adapter Name: NVIDIA GeForce GTX 1060 3GB
[2023.04.27-02.00.30:957][  0]LogD3D11RHI:   Driver Version: 516.94 (internal:31.0.15.1694, unified:516.94)
[2023.04.27-02.00.30:957][  0]LogD3D11RHI:      Driver Date: 7-21-2022
[2023.04.27-02.00.30:957][  0]LogRHI: Texture pool is 2091 MB (70% of 2988 MB)
[2023.04.27-02.00.30:957][  0]LogD3D11RHI: Creating D3DDevice using adapter:
[2023.04.27-02.00.30:957][  0]LogD3D11RHI:     Description : NVIDIA GeForce GTX 1060 3GB
[2023.04.27-02.00.30:957][  0]LogD3D11RHI:     VendorId    : 10de
[2023.04.27-02.00.30:957][  0]LogD3D11RHI:     DeviceId    : 1c02
[2023.04.27-02.00.30:957][  0]LogD3D11RHI:     SubSysId    : 61603842
[2023.04.27-02.00.30:957][  0]LogD3D11RHI:     Revision    : 00a1
[2023.04.27-02.00.30:957][  0]LogD3D11RHI:     DedicatedVideoMemory : 3133145088 bytes
[2023.04.27-02.00.30:957][  0]LogD3D11RHI:     DedicatedSystemMemory : 0 bytes
[2023.04.27-02.00.30:957][  0]LogD3D11RHI:     SharedSystemMemory : 12848848896 bytes
[2023.04.27-02.00.30:957][  0]LogD3D11RHI:     AdapterLuid : 0 44575
[2023.04.27-02.00.31:062][  0]LogD3D11RHI: RHI has support for 64 bit atomics
[2023.04.27-02.00.31:064][  0]LogD3D11RHI: Async texture creation enabled
[2023.04.27-02.00.31:064][  0]LogD3D11RHI: Array index from any shader is supported
[2023.04.27-02.00.31:198][  0]LogD3D11RHI: GPU Timing Frequency: 1000.000000 (Debug: 2 1)
[2023.04.27-02.00.31:367][  0]LogRHI: GeForceNow SDK initialized: 1
[2023.04.27-02.00.32:686][  0]LogTargetPlatformManager: Display: Loaded TargetPlatform 'AllDesktop'
[2023.04.27-02.00.32:771][  0]LogTargetPlatformManager: Display: Loaded TargetPlatform 'Android'
[2023.04.27-02.00.32:771][  0]LogTargetPlatformManager: Display: Loaded TargetPlatform 'Android_ASTC'
[2023.04.27-02.00.32:771][  0]LogTargetPlatformManager: Display: Loaded TargetPlatform 'Android_DXT'
[2023.04.27-02.00.32:771][  0]LogTargetPlatformManager: Display: Loaded TargetPlatform 'Android_ETC2'
[2023.04.27-02.00.32:771][  0]LogTargetPlatformManager: Display: Loaded TargetPlatform 'AndroidClient'
[2023.04.27-02.00.32:771][  0]LogTargetPlatformManager: Display: Loaded TargetPlatform 'Android_ASTCClient'
[2023.04.27-02.00.32:771][  0]LogTargetPlatformManager: Display: Loaded TargetPlatform 'Android_DXTClient'
[2023.04.27-02.00.32:771][  0]LogTargetPlatformManager: Display: Loaded TargetPlatform 'Android_ETC2Client'
[2023.04.27-02.00.32:771][  0]LogTargetPlatformManager: Display: Loaded TargetPlatform 'Android_Multi'
[2023.04.27-02.00.32:771][  0]LogTargetPlatformManager: Display: Loaded TargetPlatform 'Android_MultiClient'
[2023.04.27-02.00.32:897][  0]LogTargetPlatformManager: Display: Loaded TargetPlatform 'IOSClient'
[2023.04.27-02.00.32:897][  0]LogTargetPlatformManager: Display: Loaded TargetPlatform 'IOS'
[2023.04.27-02.00.32:956][  0]LogTargetPlatformManager: Display: Loaded TargetPlatform 'Linux'
[2023.04.27-02.00.32:993][  0]LogTargetPlatformManager: Display: Loaded TargetPlatform 'LinuxNoEditor'
[2023.04.27-02.00.33:038][  0]LogTargetPlatformManager: Display: Loaded TargetPlatform 'LinuxClient'
[2023.04.27-02.00.33:066][  0]LogTargetPlatformManager: Display: Loaded TargetPlatform 'LinuxServer'
[2023.04.27-02.00.33:113][  0]LogTargetPlatformManager: Display: Loaded TargetPlatform 'LinuxAArch64NoEditor'
[2023.04.27-02.00.33:151][  0]LogTargetPlatformManager: Display: Loaded TargetPlatform 'LinuxAArch64Client'
[2023.04.27-02.00.33:181][  0]LogTargetPlatformManager: Display: Loaded TargetPlatform 'LinuxAArch64Server'
[2023.04.27-02.00.33:254][  0]LogTargetPlatformManager: Display: Loaded TargetPlatform 'Lumin'
[2023.04.27-02.00.33:254][  0]LogTargetPlatformManager: Display: Loaded TargetPlatform 'LuminClient'
[2023.04.27-02.00.33:318][  0]LogTargetPlatformManager: Display: Loaded TargetPlatform 'MacNoEditor'
[2023.04.27-02.00.33:346][  0]LogTargetPlatformManager: Display: Loaded TargetPlatform 'Mac'
[2023.04.27-02.00.33:375][  0]LogTargetPlatformManager: Display: Loaded TargetPlatform 'MacClient'
[2023.04.27-02.00.33:400][  0]LogTargetPlatformManager: Display: Loaded TargetPlatform 'MacServer'
[2023.04.27-02.00.33:444][  0]LogTargetPlatformManager: Display: Loaded TargetPlatform 'TVOSClient'
[2023.04.27-02.00.33:444][  0]LogTargetPlatformManager: Display: Loaded TargetPlatform 'TVOS'
[2023.04.27-02.00.33:517][  0]LogTargetPlatformManager: Display: Loaded TargetPlatform 'WindowsNoEditor'
[2023.04.27-02.00.33:545][  0]LogTargetPlatformManager: Display: Loaded TargetPlatform 'Windows'
[2023.04.27-02.00.33:581][  0]LogTargetPlatformManager: Display: Loaded TargetPlatform 'WindowsClient'
[2023.04.27-02.00.33:620][  0]LogTargetPlatformManager: Display: Loaded TargetPlatform 'WindowsServer'
[2023.04.27-02.00.33:620][  0]LogTargetPlatformManager: Display: Building Assets For Windows
[2023.04.27-02.00.33:783][  0]LogAudioDebug: Display: Lib vorbis DLL was dynamically loaded.
[2023.04.27-02.00.34:198][  0]LogTextureFormatOodle: Display: Oodle Texture 2.9.0 init RDO Off
[2023.04.27-02.00.34:923][  0]LogRendererCore: Ray tracing is disabled. Reason: r.RayTracing=0.
[2023.04.27-02.00.35:032][  0]LogShaderCompilers: Guid format shader working directory is -10 characters bigger than the processId version (../../../../../School/CapstoneClone/CapstoneProject_HJV/Intermediate/Shaders/WorkingDirectory/18112/).
[2023.04.27-02.00.35:032][  0]LogShaderCompilers: Cleaned the shader compiler working directory 'C:/Users/ehowl/AppData/Local/Temp/UnrealShaderWorkingDir/90BDE0B842FBED34A801CEAAFCD9BC67/'.
[2023.04.27-02.00.35:038][  0]LogXGEController: Cannot use XGE Controller as Incredibuild is not installed on this machine.
[2023.04.27-02.00.35:038][  0]LogShaderCompilers: Cannot use XGE Shader Compiler as Incredibuild is not installed on this machine.
[2023.04.27-02.00.35:038][  0]LogShaderCompilers: Display: Using Local Shader Compiler.
[2023.04.27-02.00.40:084][  0]LogDerivedDataCache: Display: Max Cache Size: 512 MB
[2023.04.27-02.00.40:479][  0]LogDerivedDataCache: Loaded boot cache 0.39s 94MB C:/Users/ehowl/AppData/Local/UnrealEngine/4.27/DerivedDataCache/Boot.ddc.
[2023.04.27-02.00.40:479][  0]LogDerivedDataCache: Display: Loaded Boot cache: C:/Users/ehowl/AppData/Local/UnrealEngine/4.27/DerivedDataCache/Boot.ddc
[2023.04.27-02.00.40:479][  0]LogDerivedDataCache: FDerivedDataBackendGraph:  Pak pak cache file ../../../../../School/CapstoneClone/CapstoneProject_HJV/DerivedDataCache/DDC.ddp not found, will not use a pak cache.
[2023.04.27-02.00.40:479][  0]LogDerivedDataCache: Unable to find inner node Pak for hierarchical cache Hierarchy.
[2023.04.27-02.00.40:479][  0]LogDerivedDataCache: FDerivedDataBackendGraph:  CompressedPak pak cache file ../../../../../School/CapstoneClone/CapstoneProject_HJV/DerivedDataCache/Compressed.ddp not found, will not use a pak cache.
[2023.04.27-02.00.40:479][  0]LogDerivedDataCache: Unable to find inner node CompressedPak for hierarchical cache Hierarchy.
[2023.04.27-02.00.40:565][  0]LogDerivedDataCache: Display: Pak cache opened for reading ../../../Engine/DerivedDataCache/Compressed.ddp.
[2023.04.27-02.00.40:565][  0]LogDerivedDataCache: FDerivedDataBackendGraph:  EnterprisePak pak cache file ../../../Enterprise/DerivedDataCache/Compressed.ddp not found, will not use a pak cache.
[2023.04.27-02.00.40:565][  0]LogDerivedDataCache: Unable to find inner node EnterprisePak for hierarchical cache Hierarchy.
[2023.04.27-02.00.40:646][  0]LogDerivedDataCache: Speed tests for C:/Users/ehowl/AppData/Local/UnrealEngine/Common/DerivedDataCache took 0.08 seconds
[2023.04.27-02.00.40:646][  0]LogDerivedDataCache: Display: Performance to C:/Users/ehowl/AppData/Local/UnrealEngine/Common/DerivedDataCache: Latency=0.10ms. RandomReadSpeed=13.35MBs, RandomWriteSpeed=94.13MBs. Assigned SpeedClass 'Local'
[2023.04.27-02.00.40:647][  0]LogDerivedDataCache: Using Local data cache path C:/Users/ehowl/AppData/Local/UnrealEngine/Common/DerivedDataCache: Writable
[2023.04.27-02.00.40:647][  0]LogDerivedDataCache: Shared data cache path not found in *engine.ini, will not use an Shared cache.
[2023.04.27-02.00.40:647][  0]LogDerivedDataCache: Unable to find inner node Shared for hierarchical cache Hierarchy.
[2023.04.27-02.00.40:749][  0]LogSlate: Using FreeType 2.10.0
[2023.04.27-02.00.40:789][  0]LogSlate: SlateFontServices - WITH_FREETYPE: 1, WITH_HARFBUZZ: 1
[2023.04.27-02.00.41:205][  0]LogAssetRegistry: FAssetRegistry took 0.0042 seconds to start up
[2023.04.27-02.00.47:330][  0]LogInit: Selected Device Profile: [Windows]
[2023.04.27-02.00.47:330][  0]LogInit: Active device profile: [0000011CD736C900][0000011CD8E68540 49] Windows
[2023.04.27-02.00.47:330][  0]LogInit: Profiles: [0000011CD736C900][0000011CD8E68540 49] Windows, [0000011CD7337800][0000011CCC7806C0 49] WindowsNoEditor, [0000011CD736F500][0000011CD8E6C800 49] WindowsServer, [0000011CD7334E00][0000011CCC784940 49] WindowsClient, [0000011CD736F800][0000011CCC788A80 49] IOS, [0000011CD7336800][0000011CCC78CBC0 49] iPadAir, [0000011CD736E000][0000011CCC794D40 49] iPadAir2, [0000011CD92ECA00][0000011CCC7A3000 49] IPadPro, [0000011CD92ECB00][0000011CCC799040 49] iPadAir3, [0000011CD7335900][0000011CCC7AD1C0 49] iPadAir4, [0000011CD92EF400][0000011CCC7B1340 49] iPadMini2, [0000011CD7336A00][0000011CCC7B54C0 49] iPadMini3, [0000011CD92ED700][0000011CD6B21640 49] iPadMini4, [0000011CD736D100][0000011CD6B257C0 49] iPadMini5, [0000011CD9318300][0000011CD6B2DA80 49] iPhone6, [0000011CD9318400][0000011CD6B29AC0 49] iPodTouch6, [0000011CD92E3F00][0000011CD6B34200 49] iPhone7, [0000011CD92E3E00][0000011CD6B30240 49] iPodTouch7, [0000011CD7336000][0000011CD6B383C0 49] iPhone5S, [0000011CD92E1A00][0000011CD6B3C540 49] iPhone6Plus, [0000011CD9318200][0000011CD6B406C0 49] iPhone6S, [0000011CD92E0600][0000011CD6B44840 49] iPhone6SPlus, [0000011CD931A900][0000011CCC790980 49] iPhone7Plus, [0000011CD92E3100][0000011CD6B48AC0 49] iPhoneSE, [0000011CD931A200][0000011CD6B4CC00 49] iPhone8, [0000011CD92E3B00][0000011CD6B50D40 49] iPhone8Plus, [0000011CD9318A00][0000011CD6B58EC0 49] iPhoneX, [0000011CD92E1400][0000011CD6B5D040 49] iPhoneXS, [0000011CD931B900][0000011CD6B611C0 49] iPhoneXSMax, [0000011CD92E0900][0000011CD6B65340 49] iPhoneXR, [0000011CD931AF00][0000011CD594F4C0 49] iPhone11, [0000011CD92E1300][0000011CD5953640 49] iPhone11Pro, [0000011CD9319000][0000011CD59577C0 49] iPhone11ProMax, [0000011CD92E2A00][0000011CD595B940 49] iPhoneSE2, [0000011CD9319400][0000011CD595FAC0 49] iPhone12Mini, [0000011CD92E2400][0000011CD59620C0 49] iPhone12, [0000011CD9318D00][0000011CD5966240 49] iPhone12Pro, [0000011CD92E2B00][0000011CD596A3C0 49] iPhone12ProMax, [0000011CD931B000][0000011CD596E540 49] iPadPro105, [0000011CD92E0700][0000011CD59726C0 49] iPadPro129, [0000011CD931A800][0000011CD5976840 49] iPadPro97, [0000011CD92E2600][0000011CD597A9C0 49] iPadPro2_129, [0000011CD931BC00][0000011CD597EB40 49] iPad5, [0000011CD92E2200][0000011CD6B54C80 49] iPad6, [0000011CD9318F00][0000011CD5982DC0 49] iPad7, [0000011CD92E2D00][0000011CD5986F00 49] iPad8, [0000011CD9319100][0000011CD598F080 49] iPadPro11, [0000011CD92E1600][0000011CD5993200 49] iPadPro2_11, [0000011CD931B400][0000011CD5997380 49] iPadPro3_129, [0000011CD92E2800][0000011CD5A9B500 49] iPadPro4_129, [0000011CD931BA00][0000011CD5A9F680 49] AppleTV, [0000011CD92E2100][0000011CD5AA3800 49] AppleTV4K, [0000011CD9319F00][0000011CD5AA7980 49] TVOS, [0000011CD92E3400][0000011CD5AABB00 49] Mac, [0000011CD931B800][0000011CD5AAE100 49] MacClient, [0000011CD92E1E00][0000011CD5AB2280 49] MacNoEditor, [0000011CD931BF00][0000011CD5AB6400 49] MacServer, [0000011CD92E3500][0000011CD5ABA580 49] Linux, [0000011CD9318C00][0000011CD5ABE700 49] LinuxAArch64, [0000011CD92E2F00][0000011CD5AC2880 49] LinuxNoEditor, [0000011CD9318B00][0000011CD5AC6A00 49] LinuxAArch64NoEditor, [0000011CD92E3700][0000011CD5ACAB80 49] LinuxClient, [0000011CD9319A00][0000011CD5ACED00 49] LinuxAArch64Client, [0000011CD92E1000][0000011CD598AE40 49] LinuxServer, [0000011CD931A500][0000011CD5AD2F80 49] LinuxAArch64Server, [0000011CD92E1900][0000011CD5AD70C0 49] Android, [0000011CD9319300][0000011CD5ADF240 49] Android_Low, [0000011CD92E2700][0000011CD5AE33C0 49] Android_Mid, [0000011CD931AB00][0000011CD5AE7540 49] Android_High, [0000011CD92E3800][0000011CD5AEB6C0 49] Android_Default, [0000011CD9319600][0000011CD5AEF840 49] Android_Adreno4xx, [0000011CD92E1500][0000011CD5AF39C0 49] Android_Adreno5xx_Low, [0000011CD92EF600][0000011CD5AF7B40 49] Android_Adreno5xx, [0000011CD7335800][0000011CD5AFA140 49] Android_Adreno6xx, [0000011CD92ED200][0000011CD5AFE2C0 49] Android_Adreno6xx_Vulkan, [0000011CD7337C00][0000011CD5B02440 49] Android_Mali_T6xx, [0000011CD92ED100][0000011CD8E765C0 49] Android_Mali_T7xx, [0000011CD7335600][0000011CD8E7A740 49] Android_Mali_T8xx, [0000011CD92EDE00][0000011CD8E7E8C0 49] Android_Mali_G71, [0000011CD7334500][0000011CD8E82A40 49] Android_Mali_G72, [0000011CD92EC800][0000011CD8E86BC0 49] Android_Mali_G72_Vulkan, [0000011CD7335300][0000011CD8E8AD40 49] Android_Mali_G76, [0000011CD92EC100][0000011CD8E8EEC0 49] Android_Mali_G76_Vulkan, [0000011CD7335F00][0000011CD5ADB000 49] Android_Mali_G77, [0000011CD92ED000][0000011CD8E93140 49] Android_Mali_G77_Vulkan, [0000011CD7334A00][0000011CD8E97280 49] Android_Mali_G78, [0000011CD92EEC00][0000011CD8E9B3C0 49] Android_Mali_G78_Vulkan, [0000011CD7337600][0000011CD8EA3540 49] Android_Mali_G710, [0000011CD92EEA00][0000011CD8EA76C0 49] Android_Mali_G710_Vulkan, [0000011CD7337F00][0000011CD8EAB840 49] Android_Vulkan_SM5, [0000011CD92EFB00][0000011CD8EAF9C0 49] Android_PowerVR_G6xxx, [0000011CD7337B00][0000011CD8EB3B40 49] Android_PowerVR_GT7xxx, [0000011CD92EF900][0000011CD8EB6140 49] Android_PowerVR_GE8xxx, [0000011CD7334C00][0000011CD8EBA2C0 49] Android_PowerVR_GM9xxx, [0000011CD92EE700][0000011CD8EBE440 49] Android_PowerVR_GM9xxx_Vulkan, [0000011CD7336700][0000011CD8EC25C0 49] Android_TegraK1, [0000011CD92EC900][0000011CD8EC6740 49] Android_Unknown_Vulkan, [0000011CD7335D00][0000011CD8ECA8C0 49] Lumin, [0000011CD92EC500][0000011CD8ECEA40 49] Lumin_Desktop, [0000011CD7337300][0000011CD8ED2BC0 49] HoloLens, 
[2023.04.27-02.00.49:966][  0]LogMeshReduction: Using QuadricMeshReduction for automatic static mesh reduction
[2023.04.27-02.00.49:966][  0]LogMeshReduction: Using SimplygonMeshReduction for automatic skeletal mesh reduction
[2023.04.27-02.00.49:966][  0]LogMeshReduction: Using ProxyLODMeshReduction for automatic mesh merging
[2023.04.27-02.00.49:966][  0]LogMeshReduction: No distributed automatic mesh merging module available
[2023.04.27-02.00.49:998][  0]LogMeshMerging: No distributed automatic mesh merging module available
[2023.04.27-02.00.50:306][  0]LogNetVersion: CapstoneProject_HJV 1.0.0, NetCL: 17155196, EngineNetVer: 17, GameNetVer: 0 (Checksum: 2464823574)
[2023.04.27-02.00.53:967][  0]LogTexture: Default maximum texture size for cubemaps generated from long-lat sources has been changed from 512 to unlimited. In order to preserve old behaiour for '/Engine/MapTemplates/Sky/DaylightAmbientCubemap.DaylightAmbientCubemap', its maximum texture size has been explicitly set to 512.
[2023.04.27-02.00.54:114][  0]LogHMD: PokeAHoleMaterial loaded successfully
[2023.04.27-02.00.54:177][  0]LogUObjectArray: 17178 objects as part of root set at end of initial load.
[2023.04.27-02.00.54:177][  0]LogUObjectAllocator: 4302048 out of 0 bytes used by permanent object pool.
[2023.04.27-02.00.54:177][  0]LogUObjectArray: CloseDisregardForGC: 0/0 objects in disregard for GC pool
[2023.04.27-02.00.57:023][  0]LogFileManager: Warning: MoveFile was unable to move '../../../../../School/CapstoneClone/CapstoneProject_HJV/Intermediate/CachedAssetRegistry.bin.tmp' to '../../../../../School/CapstoneClone/CapstoneProject_HJV/Intermediate/CachedAssetRegistry.bin' (Error Code 32), retrying in .5s...
[2023.04.27-02.00.57:023][  0]LogFileManager: Warning: MoveFile recovered during retry!
[2023.04.27-02.00.57:706][  0]LogNiagaraDebuggerClient: Niagara Debugger Client Initialized | Session: 63AB97D349B6C7C3BB3617AE0186030A | Instance: 3EE1F48D497EF09DD7D07E87903E3455 (DESKTOP-FIRQR9R-18112).
[2023.04.27-02.00.58:267][  0]LogPython: Using Python 3.7.7
[2023.04.27-02.01.00:312][  0]LogTcpMessaging: Initializing TcpMessaging bridge
[2023.04.27-02.01.00:372][  0]LogUdpMessaging: Initializing bridge on interface 0.0.0.0:0 to multicast group 230.0.0.1:6666.
[2023.04.27-02.01.02:268][  0]SourceControl: Source control is disabled
[2023.04.27-02.01.02:268][  0]SourceControl: Source control is disabled
[2023.04.27-02.01.02:388][  0]SourceControl: Source control is disabled
[2023.04.27-02.01.02:439][  0]SourceControl: Source control is disabled
[2023.04.27-02.01.02:496][  0]SourceControl: Source control is disabled
[2023.04.27-02.01.02:581][  0]LogUProjectInfo: Found projects:
[2023.04.27-02.01.02:609][  0]LogVSAccessor: Display: Unable to create Visual Studio setup instance: 80040154
[2023.04.27-02.01.02:610][  0]LogVSAccessor: Display: Unable to create Visual Studio setup instance: 80040154
[2023.04.27-02.01.02:611][  0]LogVSAccessor: Display: Unable to create Visual Studio setup instance: 80040154
[2023.04.27-02.01.04:810][  0]LogOpenImageDenoise: OIDN starting up
[2023.04.27-02.01.05:315][  0]LogAndroidPermission: UAndroidPermissionCallbackProxy::GetInstance
[2023.04.27-02.01.05:556][  0]LogAudioCaptureCore: Display: No Audio Capture implementations found. Audio input will be silent.
[2023.04.27-02.01.05:556][  0]LogAudioCaptureCore: Display: No Audio Capture implementations found. Audio input will be silent.
[2023.04.27-02.01.06:381][  0]LogCollectionManager: Loaded 0 collections in 0.001459 seconds
[2023.04.27-02.01.06:433][  0]LogFileCache: Scanning file cache for directory 'E:/School/CapstoneClone/CapstoneProject_HJV/Saved/Collections/' took 0.01s
[2023.04.27-02.01.06:433][  0]LogFileCache: Scanning file cache for directory 'E:/School/CapstoneClone/CapstoneProject_HJV/Content/Developers/ehowl/Collections/' took 0.00s
[2023.04.27-02.01.06:433][  0]LogFileCache: Scanning file cache for directory 'E:/School/CapstoneClone/CapstoneProject_HJV/Content/Collections/' took 0.00s
[2023.04.27-02.01.06:584][  0]LogOcInput: OculusInput pre-init called
[2023.04.27-02.01.07:508][  0]LogClass: Warning: StructProperty FCPathNode::WorldLocation is not initialized properly even though its struct probably has a custom default constructor. Module:CPathfinding File:Public/CPathNode.h
[2023.04.27-02.01.07:530][  0]LogClass: Display: 1 Uninitialized script struct members found including 0 object properties
[2023.04.27-02.01.07:546][  0]LogAutomationTest: Warning: StructProperty FCPathNode::WorldLocation is not initialized properly even though its struct probably has a custom default constructor. Module:CPathfinding File:Public/CPathNode.h
[2023.04.27-02.01.07:547][  0]LogEngine: Initializing Engine...
[2023.04.27-02.01.07:652][  0]LogHMD: Failed to enumerate extensions. Please check that you have a valid OpenXR runtime installed.
[2023.04.27-02.01.07:653][  0]LogHMD: Failed to initialize OpenVR with code 110
[2023.04.27-02.01.07:653][  0]LogMagicLeap: Warning: VR disabled because ZI is not enabled.  To enable, in the editor, Edit -> Project Settings -> Plugins -> Magic Leap Plugin -> Enable Zero Iteration
[2023.04.27-02.01.07:662][  0]LogStats: UGameplayTagsManager::InitializeManager -  0.000 s
[2023.04.27-02.01.07:975][  0]LogInit: Initializing FReadOnlyCVARCache
[2023.04.27-02.01.08:284][  0]LogAIModule: Creating AISystem for world Untitled
[2023.04.27-02.01.08:331][  0]LogAudio: Display: Initializing Audio Device Manager...
[2023.04.27-02.01.08:387][  0]LogAudio: Display: Loading Default Audio Settings Objects...
[2023.04.27-02.01.08:388][  0]LogAudio: Display: No default SoundConcurrencyObject specified (or failed to load).
[2023.04.27-02.01.08:395][  0]LogAudio: Display: Audio Device Manager Initialized
[2023.04.27-02.01.08:396][  0]LogAudio: Display: Creating Audio Device:                 Id: 1, Scope: Shared, Realtime: True
[2023.04.27-02.01.08:402][  0]LogAudioMixer: Display: Audio Mixer Platform Settings:
[2023.04.27-02.01.08:402][  0]LogAudioMixer: Display: 	Sample Rate:						  48000
[2023.04.27-02.01.08:402][  0]LogAudioMixer: Display: 	Callback Buffer Frame Size Requested: 1024
[2023.04.27-02.01.08:402][  0]LogAudioMixer: Display: 	Callback Buffer Frame Size To Use:	  1024
[2023.04.27-02.01.08:402][  0]LogAudioMixer: Display: 	Number of buffers to queue:			  2
[2023.04.27-02.01.08:402][  0]LogAudioMixer: Display: 	Max Channels (voices):				  32
[2023.04.27-02.01.08:402][  0]LogAudioMixer: Display: 	Number of Async Source Workers:		  0
[2023.04.27-02.01.08:402][  0]LogAudio: Display: AudioDevice MaxSources: 32
[2023.04.27-02.01.08:408][  0]LogAudio: Display: Audio Spatialization Plugin: None (built-in).
[2023.04.27-02.01.08:408][  0]LogAudio: Display: Audio Reverb Plugin: None (built-in).
[2023.04.27-02.01.08:408][  0]LogAudio: Display: Audio Occlusion Plugin: None (built-in).
[2023.04.27-02.01.08:408][  0]LogAudioMixer: Display: Initializing audio mixer.
[2023.04.27-02.01.08:526][  0]LogAudioMixer: Display: 0: FrontLeft
[2023.04.27-02.01.08:526][  0]LogAudioMixer: Display: 1: FrontRight
[2023.04.27-02.01.08:553][  0]LogAudioMixer: Display: Using Audio Device Speakers (HyperX Cloud II Wireless)
[2023.04.27-02.01.08:561][  0]LogAudioMixer: Display: Initializing Sound Submixes...
[2023.04.27-02.01.08:565][  0]LogAudioMixer: Display: Submix unset or invalid in 'AudioSettings': Using engine asset 'MasterSubmixDefault'
[2023.04.27-02.01.08:565][  0]LogAudioMixer: Display: Creating Master Submix 'MasterSubmixDefault'
[2023.04.27-02.01.08:565][  0]LogAudioMixer: Display: Submix unset or invalid in 'AudioSettings': Using engine asset 'MasterReverbSubmixDefault'
[2023.04.27-02.01.08:565][  0]LogAudioMixer: Display: Creating Master Submix 'MasterReverbSubmixDefault'
[2023.04.27-02.01.08:566][  0]LogAudioMixer: Display: Creating Master Submix 'MasterEQSubmixDefault'
[2023.04.27-02.01.08:566][  0]LogAudioMixer: FMixerPlatformXAudio2::StartAudioStream() called
[2023.04.27-02.01.08:566][  0]LogAudioMixer: Display: Output buffers initialized: Frames=1024, Channels=2, Samples=2048
[2023.04.27-02.01.08:568][  0]LogAudioMixer: Display: Starting AudioMixerPlatformInterface::RunInternal()
[2023.04.27-02.01.08:568][  0]LogAudioMixer: Display: FMixerPlatformXAudio2::SubmitBuffer() called for the first time
[2023.04.27-02.01.08:568][  0]LogInit: FAudioDevice initialized.
[2023.04.27-02.01.08:583][  0]LogAudio: Display: Audio Device (ID: 1) registered with world 'Untitled'.
[2023.04.27-02.01.08:584][  0]LogNetVersion: Set ProjectVersion to 1.0.0.0. Version Checksum will be recalculated on next use.
[2023.04.27-02.01.08:706][  0]LogDerivedDataCache: Saved boot cache 0.12s 94MB C:/Users/ehowl/AppData/Local/UnrealEngine/4.27/DerivedDataCache/Boot.ddc.
[2023.04.27-02.01.08:707][  0]LogInit: Texture streaming: Enabled
[2023.04.27-02.01.08:823][  0]LogAnalytics: Display: [UEEditor.Rocket.Release] APIServer = https://datarouter.ol.epicgames.com/. AppVersion = 4.27.2-18319896+++UE4+Release-4.27
[2023.04.27-02.01.08:853][  0]LogEngineSessionManager: EngineSessionManager initialized
[2023.04.27-02.01.08:853][  0]LogEditorSessionSummary: Verbose: Initializing EditorSessionSummaryWriter for editor session tracking
[2023.04.27-02.01.08:870][  0]LogEditorSessionSummary: EditorSessionSummaryWriter initialized
[2023.04.27-02.01.09:058][  0]LogInit: Transaction tracking system initialized
[2023.04.27-02.01.09:357][  0]BlueprintLog: New page: Editor Load
[2023.04.27-02.01.10:348][  0]LocalizationService: Localization service is disabled
[2023.04.27-02.01.10:720][  0]TimingProfiler: Initialize
[2023.04.27-02.01.10:721][  0]TimingProfiler: OnSessionChanged
[2023.04.27-02.01.10:721][  0]LoadingProfiler: Initialize
[2023.04.27-02.01.10:722][  0]LoadingProfiler: OnSessionChanged
[2023.04.27-02.01.10:722][  0]NetworkingProfiler: Initialize
[2023.04.27-02.01.10:722][  0]NetworkingProfiler: OnSessionChanged
[2023.04.27-02.01.10:722][  0]MemoryProfiler: Initialize
[2023.04.27-02.01.10:722][  0]MemoryProfiler: OnSessionChanged
[2023.04.27-02.01.11:296][  0]LogVSAccessor: Display: Unable to create Visual Studio setup instance: 80040154
[2023.04.27-02.01.11:297][  0]LogVSAccessor: Display: Unable to create Visual Studio setup instance: 80040154
[2023.04.27-02.01.11:297][  0]LogVSAccessor: Display: Unable to create Visual Studio setup instance: 80040154
[2023.04.27-02.01.12:020][  0]LogCook: Display: CookSettings for Memory: MemoryMaxUsedVirtual 0MiB, MemoryMaxUsedPhysical 16384MiB, MemoryMinFreeVirtual 0MiB, MemoryMinFreePhysical 1024MiB
[2023.04.27-02.01.12:020][  0]LogCook: Display: Mobile HDR setting 1
[2023.04.27-02.01.12:340][  0]LogFileCache: Scanning file cache for directory 'E:/School/CapstoneClone/CapstoneProject_HJV/Content/' took 0.01s
[2023.04.27-02.01.14:528][  0]LogInit: Display: Engine is initialized. Leaving FEngineLoop::Init()
[2023.04.27-02.01.14:550][  0]SourceControl: Source control is disabled
[2023.04.27-02.01.14:550][  0]LogUnrealEdMisc: Loading editor; pre map load, took 67.823
[2023.04.27-02.01.14:550][  0]Cmd: MAP LOAD FILE="../../../../../School/CapstoneClone/CapstoneProject_HJV/Content/Levels/Lab_Level.umap" TEMPLATE=0 SHOWPROGRESS=1 FEATURELEVEL=3
[2023.04.27-02.01.14:560][  0]LightingResults: New page: Lighting Build
[2023.04.27-02.01.14:623][  0]LogWorld: UWorld::CleanupWorld for Untitled, bSessionEnded=true, bCleanupResources=true
[2023.04.27-02.01.14:648][  0]LogSlate: InvalidateAllWidgets triggered.  All widgets were invalidated
[2023.04.27-02.01.14:730][  0]MapCheck: New page: Map Check
[2023.04.27-02.01.14:730][  0]LightingResults: New page: Lighting Build
[2023.04.27-02.01.14:904][  0]LogAudio: Display: Audio Device unregistered from world 'None'.
[2023.04.27-02.01.15:002][  0]LogUObjectHash: Compacting FUObjectHashTables data took   0.93ms
[2023.04.27-02.01.17:170][  0]LogLinker: Warning: [AssetLog] E:\School\CapstoneClone\CapstoneProject_HJV\Content\Levels\Lab_Level.umap: Failed to load '/Game/Levels/Lab_Level_BuiltData': Can't find file.
[2023.04.27-02.01.17:170][  0]LogLinker: Warning: [AssetLog] E:\School\CapstoneClone\CapstoneProject_HJV\Content\Levels\Lab_Level.umap: Failed to load '/Game/Levels/Lab_Level_BuiltData': Can't find file.
[2023.04.27-02.01.17:229][  0]LogLinker: Warning: [AssetLog] E:\School\CapstoneClone\CapstoneProject_HJV\Content\Levels\Lab_Level.umap: Failed to load '/Game/Levels/Lab_Level_BuiltData': Can't find file.
[2023.04.27-02.01.17:235][  0]LogLinker: Warning: Failed to load '/Game/Levels/Lab_Level_BuiltData': Can't find file.
[2023.04.27-02.01.17:235][  0]LogLinker: Warning: Failed to load '/Game/Levels/Lab_Level_BuiltData': Can't find file.
[2023.04.27-02.01.17:262][  0]LogTemp: Warning: CPath - Dynamic obstacle 'Lab_Door6_159' is not Movable.
[2023.04.27-02.01.17:262][  0]LogTemp: Warning: CPath - Dynamic obstacle 'Lab_Door7' is not Movable.
[2023.04.27-02.01.18:154][  0]LogTexture: Display: Building textures: Front_View_Portrait (BGRA8, 471X489)
[2023.04.27-02.01.18:154][  0]LogLinker: Warning: [AssetLog] E:\School\CapstoneClone\CapstoneProject_HJV\Content\Levels\Lab_Level.umap: Failed to load '/Game/Levels/Lab_Level_BuiltData': Can't find file.
[2023.04.27-02.01.18:154][  0]LoadErrors: Failed to load /Game/Levels/Lab_Level_BuiltData.Lab_Level_BuiltData Referenced by PersistentLevel
[2023.04.27-02.01.22:011][  0]LogAudio: Display: Audio Device (ID: 1) registered with world 'Lab_Level'.
[2023.04.27-02.01.22:013][  0]LogAIModule: Creating AISystem for world Lab_Level
[2023.04.27-02.01.22:219][  0]LogSkeletalMesh: USkeletalMeshComponent::InitArticulated : Could not find root physics body: '/Game/Levels/Lab_Level.Lab_Level:PersistentLevel.Drone2.CharacterMesh0'
[2023.04.27-02.01.22:220][  0]LogSkeletalMesh: USkeletalMeshComponent::InitArticulated : Could not find root physics body: '/Game/Levels/Lab_Level.Lab_Level:PersistentLevel.Drone3.CharacterMesh0'
[2023.04.27-02.01.22:220][  0]LogSkeletalMesh: USkeletalMeshComponent::InitArticulated : Could not find root physics body: '/Game/Levels/Lab_Level.Lab_Level:PersistentLevel.Drone_2.CharacterMesh0'
[2023.04.27-02.01.22:430][  0]LogEditorServer: Finished looking for orphan Actors (0.000 secs)
[2023.04.27-02.01.22:520][  0]LogUObjectHash: Compacting FUObjectHashTables data took   3.21ms
[2023.04.27-02.01.22:521][  0]Cmd: MAP CHECKDEP NOCLEARLOG
[2023.04.27-02.01.22:521][  0]MapCheck: Map check complete: 0 Error(s), 0 Warning(s), took 0.355ms to complete.
[2023.04.27-02.01.22:521][  0]LogFileHelpers: Loading map 'Lab_Level' took 7.971
[2023.04.27-02.01.23:431][  0]LogUnrealEdMisc: Total Editor Startup Time, took 76.703
[2023.04.27-02.01.23:760][  0]LogSlate: Updating window title bar state: overlay mode, drag disabled, window buttons hidden, title bar hidden
[2023.04.27-02.01.23:768][  0]LogSlate: Updating window title bar state: overlay mode, drag disabled, window buttons hidden, title bar hidden
[2023.04.27-02.01.23:776][  0]LogSlate: Updating window title bar state: overlay mode, drag disabled, window buttons hidden, title bar hidden
[2023.04.27-02.01.23:784][  0]LogSlate: Updating window title bar state: overlay mode, drag disabled, window buttons hidden, title bar hidden
[2023.04.27-02.01.23:894][  0]LogNativeClassHierarchy: Verbose: Native class hierarchy populated in 0.0137 seconds. Added 3836 classes and 936 folders.
[2023.04.27-02.01.24:092][  0]LogNativeClassHierarchy: Verbose: Native class hierarchy updated for 'WidgetCarousel' in 0.0004 seconds. Added 0 classes and 0 folders.
[2023.04.27-02.01.24:133][  0]LogPakFile: PakFile PrimaryIndexSize=187
[2023.04.27-02.01.24:133][  0]LogPakFile: PakFile PathHashIndexSize=101
[2023.04.27-02.01.24:133][  0]LogPakFile: PakFile FullDirectoryIndexSize=148
[2023.04.27-02.01.24:143][  0]LogShaderLibrary: Display: ShaderCodeLibraryPakFileMountedCallback: PakFile 'E:/Epic Games/UE_4.27/FeaturePacks/FP_FirstPerson.upack' (chunk index -1, root 'root:/') mounted
[2023.04.27-02.01.24:143][  0]LogShaderLibrary: Display: ShaderCodeLibraryPakFileMountedCallback: pending pak file info (ChunkID:-1 Root:root:/ File:E:/Epic Games/UE_4.27/FeaturePacks/FP_FirstPerson.upack)
[2023.04.27-02.01.24:143][  0]LogPakFile: OnPakFileMounted2Time == 0.009695
[2023.04.27-02.01.24:167][  0]LogPakFile: PakFile PrimaryIndexSize=189
[2023.04.27-02.01.24:167][  0]LogPakFile: PakFile PathHashIndexSize=101
[2023.04.27-02.01.24:167][  0]LogPakFile: PakFile FullDirectoryIndexSize=152
[2023.04.27-02.01.24:167][  0]LogShaderLibrary: Display: ShaderCodeLibraryPakFileMountedCallback: PakFile 'E:/Epic Games/UE_4.27/FeaturePacks/FP_FirstPersonBP.upack' (chunk index -1, root 'root:/') mounted
[2023.04.27-02.01.24:167][  0]LogShaderLibrary: Display: ShaderCodeLibraryPakFileMountedCallback: pending pak file info (ChunkID:-1 Root:root:/ File:E:/Epic Games/UE_4.27/FeaturePacks/FP_FirstPersonBP.upack)
[2023.04.27-02.01.24:168][  0]LogPakFile: OnPakFileMounted2Time == 0.000058
[2023.04.27-02.01.24:186][  0]LogPakFile: PakFile PrimaryIndexSize=191
[2023.04.27-02.01.24:187][  0]LogPakFile: PakFile PathHashIndexSize=101
[2023.04.27-02.01.24:187][  0]LogPakFile: PakFile FullDirectoryIndexSize=160
[2023.04.27-02.01.24:187][  0]LogShaderLibrary: Display: ShaderCodeLibraryPakFileMountedCallback: PakFile 'E:/Epic Games/UE_4.27/FeaturePacks/MobileStarterContent.upack' (chunk index -1, root 'root:/') mounted
[2023.04.27-02.01.24:187][  0]LogShaderLibrary: Display: ShaderCodeLibraryPakFileMountedCallback: pending pak file info (ChunkID:-1 Root:root:/ File:E:/Epic Games/UE_4.27/FeaturePacks/MobileStarterContent.upack)
[2023.04.27-02.01.24:187][  0]LogPakFile: OnPakFileMounted2Time == 0.000051
[2023.04.27-02.01.24:195][  0]LogPakFile: PakFile PrimaryIndexSize=185
[2023.04.27-02.01.24:195][  0]LogPakFile: PakFile PathHashIndexSize=101
[2023.04.27-02.01.24:195][  0]LogPakFile: PakFile FullDirectoryIndexSize=148
[2023.04.27-02.01.24:195][  0]LogShaderLibrary: Display: ShaderCodeLibraryPakFileMountedCallback: PakFile 'E:/Epic Games/UE_4.27/FeaturePacks/StarterContent.upack' (chunk index -1, root 'root:/') mounted
[2023.04.27-02.01.24:195][  0]LogShaderLibrary: Display: ShaderCodeLibraryPakFileMountedCallback: pending pak file info (ChunkID:-1 Root:root:/ File:E:/Epic Games/UE_4.27/FeaturePacks/StarterContent.upack)
[2023.04.27-02.01.24:195][  0]LogPakFile: OnPakFileMounted2Time == 0.000053
[2023.04.27-02.01.24:204][  0]LogPakFile: PakFile PrimaryIndexSize=190
[2023.04.27-02.01.24:204][  0]LogPakFile: PakFile PathHashIndexSize=101
[2023.04.27-02.01.24:204][  0]LogPakFile: PakFile FullDirectoryIndexSize=154
[2023.04.27-02.01.24:204][  0]LogShaderLibrary: Display: ShaderCodeLibraryPakFileMountedCallback: PakFile 'E:/Epic Games/UE_4.27/FeaturePacks/TP_2DSideScroller.upack' (chunk index -1, root 'root:/') mounted
[2023.04.27-02.01.24:204][  0]LogShaderLibrary: Display: ShaderCodeLibraryPakFileMountedCallback: pending pak file info (ChunkID:-1 Root:root:/ File:E:/Epic Games/UE_4.27/FeaturePacks/TP_2DSideScroller.upack)
[2023.04.27-02.01.24:204][  0]LogPakFile: OnPakFileMounted2Time == 0.000049
[2023.04.27-02.01.24:212][  0]LogPakFile: PakFile PrimaryIndexSize=192
[2023.04.27-02.01.24:212][  0]LogPakFile: PakFile PathHashIndexSize=101
[2023.04.27-02.01.24:212][  0]LogPakFile: PakFile FullDirectoryIndexSize=158
[2023.04.27-02.01.24:212][  0]LogShaderLibrary: Display: ShaderCodeLibraryPakFileMountedCallback: PakFile 'E:/Epic Games/UE_4.27/FeaturePacks/TP_2DSideScrollerBP.upack' (chunk index -1, root 'root:/') mounted
[2023.04.27-02.01.24:212][  0]LogShaderLibrary: Display: ShaderCodeLibraryPakFileMountedCallback: pending pak file info (ChunkID:-1 Root:root:/ File:E:/Epic Games/UE_4.27/FeaturePacks/TP_2DSideScrollerBP.upack)
[2023.04.27-02.01.24:212][  0]LogPakFile: OnPakFileMounted2Time == 0.000049
[2023.04.27-02.01.24:219][  0]LogPakFile: PakFile PrimaryIndexSize=182
[2023.04.27-02.01.24:219][  0]LogPakFile: PakFile PathHashIndexSize=101
[2023.04.27-02.01.24:220][  0]LogPakFile: PakFile FullDirectoryIndexSize=138
[2023.04.27-02.01.24:220][  0]LogShaderLibrary: Display: ShaderCodeLibraryPakFileMountedCallback: PakFile 'E:/Epic Games/UE_4.27/FeaturePacks/TP_Flying.upack' (chunk index -1, root 'root:/') mounted
[2023.04.27-02.01.24:220][  0]LogShaderLibrary: Display: ShaderCodeLibraryPakFileMountedCallback: pending pak file info (ChunkID:-1 Root:root:/ File:E:/Epic Games/UE_4.27/FeaturePacks/TP_Flying.upack)
[2023.04.27-02.01.24:220][  0]LogPakFile: OnPakFileMounted2Time == 0.000041
[2023.04.27-02.01.24:239][  0]LogPakFile: PakFile PrimaryIndexSize=184
[2023.04.27-02.01.24:239][  0]LogPakFile: PakFile PathHashIndexSize=101
[2023.04.27-02.01.24:239][  0]LogPakFile: PakFile FullDirectoryIndexSize=142
[2023.04.27-02.01.24:239][  0]LogShaderLibrary: Display: ShaderCodeLibraryPakFileMountedCallback: PakFile 'E:/Epic Games/UE_4.27/FeaturePacks/TP_FlyingBP.upack' (chunk index -1, root 'root:/') mounted
[2023.04.27-02.01.24:239][  0]LogShaderLibrary: Display: ShaderCodeLibraryPakFileMountedCallback: pending pak file info (ChunkID:-1 Root:root:/ File:E:/Epic Games/UE_4.27/FeaturePacks/TP_FlyingBP.upack)
[2023.04.27-02.01.24:239][  0]LogPakFile: OnPakFileMounted2Time == 0.000050
[2023.04.27-02.01.24:261][  0]LogPakFile: PakFile PrimaryIndexSize=188
[2023.04.27-02.01.24:261][  0]LogPakFile: PakFile PathHashIndexSize=101
[2023.04.27-02.01.24:261][  0]LogPakFile: PakFile FullDirectoryIndexSize=150
[2023.04.27-02.01.24:261][  0]LogShaderLibrary: Display: ShaderCodeLibraryPakFileMountedCallback: PakFile 'E:/Epic Games/UE_4.27/FeaturePacks/TP_HandheldARBP.upack' (chunk index -1, root 'root:/') mounted
[2023.04.27-02.01.24:261][  0]LogShaderLibrary: Display: ShaderCodeLibraryPakFileMountedCallback: pending pak file info (ChunkID:-1 Root:root:/ File:E:/Epic Games/UE_4.27/FeaturePacks/TP_HandheldARBP.upack)
[2023.04.27-02.01.24:261][  0]LogPakFile: OnPakFileMounted2Time == 0.000049
[2023.04.27-02.01.24:280][  0]LogPakFile: PakFile PrimaryIndexSize=182
[2023.04.27-02.01.24:280][  0]LogPakFile: PakFile PathHashIndexSize=101
[2023.04.27-02.01.24:280][  0]LogPakFile: PakFile FullDirectoryIndexSize=138
[2023.04.27-02.01.24:280][  0]LogShaderLibrary: Display: ShaderCodeLibraryPakFileMountedCallback: PakFile 'E:/Epic Games/UE_4.27/FeaturePacks/TP_Puzzle.upack' (chunk index -1, root 'root:/') mounted
[2023.04.27-02.01.24:280][  0]LogShaderLibrary: Display: ShaderCodeLibraryPakFileMountedCallback: pending pak file info (ChunkID:-1 Root:root:/ File:E:/Epic Games/UE_4.27/FeaturePacks/TP_Puzzle.upack)
[2023.04.27-02.01.24:280][  0]LogPakFile: OnPakFileMounted2Time == 0.000050
[2023.04.27-02.01.24:295][  0]LogPakFile: PakFile PrimaryIndexSize=184
[2023.04.27-02.01.24:295][  0]LogPakFile: PakFile PathHashIndexSize=101
[2023.04.27-02.01.24:295][  0]LogPakFile: PakFile FullDirectoryIndexSize=142
[2023.04.27-02.01.24:295][  0]LogShaderLibrary: Display: ShaderCodeLibraryPakFileMountedCallback: PakFile 'E:/Epic Games/UE_4.27/FeaturePacks/TP_PuzzleBP.upack' (chunk index -1, root 'root:/') mounted
[2023.04.27-02.01.24:295][  0]LogShaderLibrary: Display: ShaderCodeLibraryPakFileMountedCallback: pending pak file info (ChunkID:-1 Root:root:/ File:E:/Epic Games/UE_4.27/FeaturePacks/TP_PuzzleBP.upack)
[2023.04.27-02.01.24:295][  0]LogPakFile: OnPakFileMounted2Time == 0.000055
[2023.04.27-02.01.24:327][  0]LogPakFile: PakFile PrimaryIndexSize=183
[2023.04.27-02.01.24:327][  0]LogPakFile: PakFile PathHashIndexSize=101
[2023.04.27-02.01.24:327][  0]LogPakFile: PakFile FullDirectoryIndexSize=140
[2023.04.27-02.01.24:327][  0]LogShaderLibrary: Display: ShaderCodeLibraryPakFileMountedCallback: PakFile 'E:/Epic Games/UE_4.27/FeaturePacks/TP_Rolling.upack' (chunk index -1, root 'root:/') mounted
[2023.04.27-02.01.24:327][  0]LogShaderLibrary: Display: ShaderCodeLibraryPakFileMountedCallback: pending pak file info (ChunkID:-1 Root:root:/ File:E:/Epic Games/UE_4.27/FeaturePacks/TP_Rolling.upack)
[2023.04.27-02.01.24:327][  0]LogPakFile: OnPakFileMounted2Time == 0.000052
[2023.04.27-02.01.24:345][  0]LogPakFile: PakFile PrimaryIndexSize=185
[2023.04.27-02.01.24:345][  0]LogPakFile: PakFile PathHashIndexSize=101
[2023.04.27-02.01.24:345][  0]LogPakFile: PakFile FullDirectoryIndexSize=144
[2023.04.27-02.01.24:346][  0]LogShaderLibrary: Display: ShaderCodeLibraryPakFileMountedCallback: PakFile 'E:/Epic Games/UE_4.27/FeaturePacks/TP_RollingBP.upack' (chunk index -1, root 'root:/') mounted
[2023.04.27-02.01.24:346][  0]LogShaderLibrary: Display: ShaderCodeLibraryPakFileMountedCallback: pending pak file info (ChunkID:-1 Root:root:/ File:E:/Epic Games/UE_4.27/FeaturePacks/TP_RollingBP.upack)
[2023.04.27-02.01.24:346][  0]LogPakFile: OnPakFileMounted2Time == 0.000063
[2023.04.27-02.01.24:353][  0]LogPakFile: PakFile PrimaryIndexSize=188
[2023.04.27-02.01.24:353][  0]LogPakFile: PakFile PathHashIndexSize=101
[2023.04.27-02.01.24:353][  0]LogPakFile: PakFile FullDirectoryIndexSize=150
[2023.04.27-02.01.24:353][  0]LogShaderLibrary: Display: ShaderCodeLibraryPakFileMountedCallback: PakFile 'E:/Epic Games/UE_4.27/FeaturePacks/TP_SideScroller.upack' (chunk index -1, root 'root:/') mounted
[2023.04.27-02.01.24:353][  0]LogShaderLibrary: Display: ShaderCodeLibraryPakFileMountedCallback: pending pak file info (ChunkID:-1 Root:root:/ File:E:/Epic Games/UE_4.27/FeaturePacks/TP_SideScroller.upack)
[2023.04.27-02.01.24:353][  0]LogPakFile: OnPakFileMounted2Time == 0.000050
[2023.04.27-02.01.24:360][  0]LogPakFile: PakFile PrimaryIndexSize=190
[2023.04.27-02.01.24:360][  0]LogPakFile: PakFile PathHashIndexSize=101
[2023.04.27-02.01.24:360][  0]LogPakFile: PakFile FullDirectoryIndexSize=154
[2023.04.27-02.01.24:360][  0]LogShaderLibrary: Display: ShaderCodeLibraryPakFileMountedCallback: PakFile 'E:/Epic Games/UE_4.27/FeaturePacks/TP_SideScrollerBP.upack' (chunk index -1, root 'root:/') mounted
[2023.04.27-02.01.24:360][  0]LogShaderLibrary: Display: ShaderCodeLibraryPakFileMountedCallback: pending pak file info (ChunkID:-1 Root:root:/ File:E:/Epic Games/UE_4.27/FeaturePacks/TP_SideScrollerBP.upack)
[2023.04.27-02.01.24:360][  0]LogPakFile: OnPakFileMounted2Time == 0.000050
[2023.04.27-02.01.24:368][  0]LogPakFile: PakFile PrimaryIndexSize=187
[2023.04.27-02.01.24:368][  0]LogPakFile: PakFile PathHashIndexSize=101
[2023.04.27-02.01.24:368][  0]LogPakFile: PakFile FullDirectoryIndexSize=148
[2023.04.27-02.01.24:368][  0]LogShaderLibrary: Display: ShaderCodeLibraryPakFileMountedCallback: PakFile 'E:/Epic Games/UE_4.27/FeaturePacks/TP_ThirdPerson.upack' (chunk index -1, root 'root:/') mounted
[2023.04.27-02.01.24:368][  0]LogShaderLibrary: Display: ShaderCodeLibraryPakFileMountedCallback: pending pak file info (ChunkID:-1 Root:root:/ File:E:/Epic Games/UE_4.27/FeaturePacks/TP_ThirdPerson.upack)
[2023.04.27-02.01.24:368][  0]LogPakFile: OnPakFileMounted2Time == 0.000053
[2023.04.27-02.01.24:380][  0]LogPakFile: PakFile PrimaryIndexSize=189
[2023.04.27-02.01.24:380][  0]LogPakFile: PakFile PathHashIndexSize=101
[2023.04.27-02.01.24:380][  0]LogPakFile: PakFile FullDirectoryIndexSize=152
[2023.04.27-02.01.24:380][  0]LogShaderLibrary: Display: ShaderCodeLibraryPakFileMountedCallback: PakFile 'E:/Epic Games/UE_4.27/FeaturePacks/TP_ThirdPersonBP.upack' (chunk index -1, root 'root:/') mounted
[2023.04.27-02.01.24:380][  0]LogShaderLibrary: Display: ShaderCodeLibraryPakFileMountedCallback: pending pak file info (ChunkID:-1 Root:root:/ File:E:/Epic Games/UE_4.27/FeaturePacks/TP_ThirdPersonBP.upack)
[2023.04.27-02.01.24:380][  0]LogPakFile: OnPakFileMounted2Time == 0.000049
[2023.04.27-02.01.24:389][  0]LogPakFile: PakFile PrimaryIndexSize=183
[2023.04.27-02.01.24:389][  0]LogPakFile: PakFile PathHashIndexSize=101
[2023.04.27-02.01.24:389][  0]LogPakFile: PakFile FullDirectoryIndexSize=140
[2023.04.27-02.01.24:389][  0]LogShaderLibrary: Display: ShaderCodeLibraryPakFileMountedCallback: PakFile 'E:/Epic Games/UE_4.27/FeaturePacks/TP_TopDown.upack' (chunk index -1, root 'root:/') mounted
[2023.04.27-02.01.24:389][  0]LogShaderLibrary: Display: ShaderCodeLibraryPakFileMountedCallback: pending pak file info (ChunkID:-1 Root:root:/ File:E:/Epic Games/UE_4.27/FeaturePacks/TP_TopDown.upack)
[2023.04.27-02.01.24:389][  0]LogPakFile: OnPakFileMounted2Time == 0.000059
[2023.04.27-02.01.24:397][  0]LogPakFile: PakFile PrimaryIndexSize=185
[2023.04.27-02.01.24:397][  0]LogPakFile: PakFile PathHashIndexSize=101
[2023.04.27-02.01.24:397][  0]LogPakFile: PakFile FullDirectoryIndexSize=144
[2023.04.27-02.01.24:397][  0]LogShaderLibrary: Display: ShaderCodeLibraryPakFileMountedCallback: PakFile 'E:/Epic Games/UE_4.27/FeaturePacks/TP_TopDownBP.upack' (chunk index -1, root 'root:/') mounted
[2023.04.27-02.01.24:397][  0]LogShaderLibrary: Display: ShaderCodeLibraryPakFileMountedCallback: pending pak file info (ChunkID:-1 Root:root:/ File:E:/Epic Games/UE_4.27/FeaturePacks/TP_TopDownBP.upack)
[2023.04.27-02.01.24:397][  0]LogPakFile: OnPakFileMounted2Time == 0.000057
[2023.04.27-02.01.24:410][  0]LogPakFile: PakFile PrimaryIndexSize=185
[2023.04.27-02.01.24:410][  0]LogPakFile: PakFile PathHashIndexSize=101
[2023.04.27-02.01.24:410][  0]LogPakFile: PakFile FullDirectoryIndexSize=144
[2023.04.27-02.01.24:410][  0]LogShaderLibrary: Display: ShaderCodeLibraryPakFileMountedCallback: PakFile 'E:/Epic Games/UE_4.27/FeaturePacks/TP_TwinStick.upack' (chunk index -1, root 'root:/') mounted
[2023.04.27-02.01.24:410][  0]LogShaderLibrary: Display: ShaderCodeLibraryPakFileMountedCallback: pending pak file info (ChunkID:-1 Root:root:/ File:E:/Epic Games/UE_4.27/FeaturePacks/TP_TwinStick.upack)
[2023.04.27-02.01.24:410][  0]LogPakFile: OnPakFileMounted2Time == 0.000049
[2023.04.27-02.01.24:428][  0]LogPakFile: PakFile PrimaryIndexSize=187
[2023.04.27-02.01.24:428][  0]LogPakFile: PakFile PathHashIndexSize=101
[2023.04.27-02.01.24:428][  0]LogPakFile: PakFile FullDirectoryIndexSize=148
[2023.04.27-02.01.24:428][  0]LogShaderLibrary: Display: ShaderCodeLibraryPakFileMountedCallback: PakFile 'E:/Epic Games/UE_4.27/FeaturePacks/TP_TwinStickBP.upack' (chunk index -1, root 'root:/') mounted
[2023.04.27-02.01.24:428][  0]LogShaderLibrary: Display: ShaderCodeLibraryPakFileMountedCallback: pending pak file info (ChunkID:-1 Root:root:/ File:E:/Epic Games/UE_4.27/FeaturePacks/TP_TwinStickBP.upack)
[2023.04.27-02.01.24:428][  0]LogPakFile: OnPakFileMounted2Time == 0.000051
[2023.04.27-02.01.24:441][  0]LogPakFile: PakFile PrimaryIndexSize=183
[2023.04.27-02.01.24:441][  0]LogPakFile: PakFile PathHashIndexSize=101
[2023.04.27-02.01.24:441][  0]LogPakFile: PakFile FullDirectoryIndexSize=140
[2023.04.27-02.01.24:441][  0]LogShaderLibrary: Display: ShaderCodeLibraryPakFileMountedCallback: PakFile 'E:/Epic Games/UE_4.27/FeaturePacks/TP_Vehicle.upack' (chunk index -1, root 'root:/') mounted
[2023.04.27-02.01.24:441][  0]LogShaderLibrary: Display: ShaderCodeLibraryPakFileMountedCallback: pending pak file info (ChunkID:-1 Root:root:/ File:E:/Epic Games/UE_4.27/FeaturePacks/TP_Vehicle.upack)
[2023.04.27-02.01.24:441][  0]LogPakFile: OnPakFileMounted2Time == 0.000054
[2023.04.27-02.01.24:449][  0]LogPakFile: PakFile PrimaryIndexSize=186
[2023.04.27-02.01.24:449][  0]LogPakFile: PakFile PathHashIndexSize=101
[2023.04.27-02.01.24:449][  0]LogPakFile: PakFile FullDirectoryIndexSize=146
[2023.04.27-02.01.24:449][  0]LogShaderLibrary: Display: ShaderCodeLibraryPakFileMountedCallback: PakFile 'E:/Epic Games/UE_4.27/FeaturePacks/TP_VehicleAdv.upack' (chunk index -1, root 'root:/') mounted
[2023.04.27-02.01.24:449][  0]LogShaderLibrary: Display: ShaderCodeLibraryPakFileMountedCallback: pending pak file info (ChunkID:-1 Root:root:/ File:E:/Epic Games/UE_4.27/FeaturePacks/TP_VehicleAdv.upack)
[2023.04.27-02.01.24:449][  0]LogPakFile: OnPakFileMounted2Time == 0.000053
[2023.04.27-02.01.24:457][  0]LogPakFile: PakFile PrimaryIndexSize=188
[2023.04.27-02.01.24:457][  0]LogPakFile: PakFile PathHashIndexSize=101
[2023.04.27-02.01.24:457][  0]LogPakFile: PakFile FullDirectoryIndexSize=150
[2023.04.27-02.01.24:457][  0]LogShaderLibrary: Display: ShaderCodeLibraryPakFileMountedCallback: PakFile 'E:/Epic Games/UE_4.27/FeaturePacks/TP_VehicleAdvBP.upack' (chunk index -1, root 'root:/') mounted
[2023.04.27-02.01.24:457][  0]LogShaderLibrary: Display: ShaderCodeLibraryPakFileMountedCallback: pending pak file info (ChunkID:-1 Root:root:/ File:E:/Epic Games/UE_4.27/FeaturePacks/TP_VehicleAdvBP.upack)
[2023.04.27-02.01.24:457][  0]LogPakFile: OnPakFileMounted2Time == 0.000051
[2023.04.27-02.01.24:465][  0]LogPakFile: PakFile PrimaryIndexSize=185
[2023.04.27-02.01.24:465][  0]LogPakFile: PakFile PathHashIndexSize=101
[2023.04.27-02.01.24:465][  0]LogPakFile: PakFile FullDirectoryIndexSize=144
[2023.04.27-02.01.24:465][  0]LogShaderLibrary: Display: ShaderCodeLibraryPakFileMountedCallback: PakFile 'E:/Epic Games/UE_4.27/FeaturePacks/TP_VehicleBP.upack' (chunk index -1, root 'root:/') mounted
[2023.04.27-02.01.24:465][  0]LogShaderLibrary: Display: ShaderCodeLibraryPakFileMountedCallback: pending pak file info (ChunkID:-1 Root:root:/ File:E:/Epic Games/UE_4.27/FeaturePacks/TP_VehicleBP.upack)
[2023.04.27-02.01.24:465][  0]LogPakFile: OnPakFileMounted2Time == 0.000049
[2023.04.27-02.01.24:473][  0]LogPakFile: PakFile PrimaryIndexSize=192
[2023.04.27-02.01.24:473][  0]LogPakFile: PakFile PathHashIndexSize=101
[2023.04.27-02.01.24:473][  0]LogPakFile: PakFile FullDirectoryIndexSize=158
[2023.04.27-02.01.24:473][  0]LogShaderLibrary: Display: ShaderCodeLibraryPakFileMountedCallback: PakFile 'E:/Epic Games/UE_4.27/FeaturePacks/TP_VirtualRealityBP.upack' (chunk index -1, root 'root:/') mounted
[2023.04.27-02.01.24:473][  0]LogShaderLibrary: Display: ShaderCodeLibraryPakFileMountedCallback: pending pak file info (ChunkID:-1 Root:root:/ File:E:/Epic Games/UE_4.27/FeaturePacks/TP_VirtualRealityBP.upack)
[2023.04.27-02.01.24:473][  0]LogPakFile: OnPakFileMounted2Time == 0.000050
[2023.04.27-02.01.25:671][  0]LogNativeClassHierarchy: Verbose: Native class hierarchy updated for 'AddContentDialog' in 0.0003 seconds. Added 0 classes and 0 folders.
[2023.04.27-02.01.25:686][  0]LogNativeClassHierarchy: Verbose: Native class hierarchy updated for 'SceneOutliner' in 0.0003 seconds. Added 2 classes and 0 folders.
[2023.04.27-02.01.25:953][  0]LogSlate: Took 0.011605 seconds to synchronously load lazily loaded font '../../../Engine/Content/Slate/Fonts/Roboto-Regular.ttf' (155K)
[2023.04.27-02.01.25:967][  0]LogSlate: Took 0.012911 seconds to synchronously load lazily loaded font '../../../Engine/Content/Editor/Slate/Fonts/FontAwesome.ttf' (139K)
[2023.04.27-02.01.25:987][  0]LogSlate: Took 0.018651 seconds to synchronously load lazily loaded font '../../../Engine/Content/Slate/Fonts/Roboto-Bold.ttf' (160K)
[2023.04.27-02.01.26:272][  0]LogRenderer: Reallocating scene render targets to support 1104x612 Format 10 NumSamples 1 (Frame:1).
[2023.04.27-02.01.27:276][  0]LogSlate: Took 0.006758 seconds to synchronously load lazily loaded font '../../../Engine/Content/Slate/Fonts/Roboto-Light.ttf' (167K)
[2023.04.27-02.01.27:450][  0]LogNativeClassHierarchy: Verbose: Native class hierarchy updated for 'HierarchicalLODOutliner' in 0.0003 seconds. Added 0 classes and 0 folders.
[2023.04.27-02.01.27:450][  0]LogLoad: (Engine Initialization) Total time: 80.72 seconds
[2023.04.27-02.01.27:451][  0]LogLoad: (Engine Initialization) Total Blueprint compile time: 0.00 seconds
[2023.04.27-02.01.27:548][  0]LogAssetRegistry: Asset discovery search completed in 46.3439 seconds
[2023.04.27-02.01.27:564][  0]LogCollectionManager: Fixed up redirectors for 0 collections in 0.000006 seconds (updated 0 objects)
[2023.04.27-02.01.27:628][  0]LogContentStreaming: Texture pool size now 1000 MB
[2023.04.27-02.01.27:805][  0]LogSlate: Took 0.015835 seconds to synchronously load lazily loaded font '../../../Engine/Content/Slate/Fonts/DroidSansMono.ttf' (77K)
[2023.04.27-02.01.27:913][  1]LogFileCache: Retrieving MD5 hashes for directory 'E:/School/CapstoneClone/CapstoneProject_HJV/Content/' took 0.41s
[2023.04.27-02.01.28:923][  4]LogSlate: Took 0.000288 seconds to synchronously load lazily loaded font '../../../Engine/Content/Slate/Fonts/Roboto-Light.ttf' (167K)
[2023.04.27-02.01.30:306][ 10]LogSlate: Window 'Message Log' being destroyed
[2023.04.27-02.01.30:312][ 10]LogSlate: Window 'Message Log' being destroyed
